$ bun cli.ts redisq
🚀 Starting RedisQ killmail importer
📡 Listening to URL: https://zkillredisq.stream/listen.php?queueID=jules_test_agent
Press Ctrl+C to stop
11/21/2025, 18:50:03 [ERROR] Failed to check if killmail exists: PostgresError: relation "killmails" does not exist
11/21/2025, 18:50:05 [ERROR] Failed to check if killmail exists: PostgresError: relation "killmails" does not exist
11/21/2025, 18:50:06 [ERROR] Failed to check if killmail exists: PostgresError: relation "killmails" does not exist
11/21/2025, 18:50:07 [ERROR] Failed to check if killmail exists: PostgresError: relation "killmails" does not exist
11/21/2025, 18:50:09 [ERROR] Failed to check if killmail exists: PostgresError: relation "killmails" does not exist
11/21/2025, 18:50:10 [ERROR] Failed to check if killmail exists: PostgresError: relation "killmails" does not exist
11/21/2025, 18:50:12 [ERROR] Failed to check if killmail exists: PostgresError: relation "killmails" does not exist
11/21/2025, 18:50:13 [ERROR] Failed to check if killmail exists: PostgresError: relation "killmails" does not exist
11/21/2025, 18:50:14 [ERROR] Failed to check if killmail exists: PostgresError: relation "killmails" does not exist
11/21/2025, 18:50:15 [ERROR] Failed to check if killmail exists: PostgresError: relation "killmails" does not exist
11/21/2025, 18:50:17 [ERROR] Failed to check if killmail exists: PostgresError: relation "killmails" does not exist
11/21/2025, 18:50:18 [ERROR] Failed to check if killmail exists: PostgresError: relation "killmails" does not exist
11/21/2025, 18:50:20 [ERROR] Failed to check if killmail exists: PostgresError: relation "killmails" does not exist
11/21/2025, 18:50:21 [ERROR] Failed to check if killmail exists: PostgresError: relation "killmails" does not exist
11/21/2025, 18:50:22 [ERROR] Failed to check if killmail exists: PostgresError: relation "killmails" does not exist
11/21/2025, 18:50:23 [ERROR] Failed to check if killmail exists: PostgresError: relation "killmails" does not exist
11/21/2025, 18:50:25 [ERROR] Failed to check if killmail exists: PostgresError: relation "killmails" does not exist
11/21/2025, 18:50:26 [ERROR] Failed to check if killmail exists: PostgresError: relation "killmails" does not exist
11/21/2025, 18:50:27 [ERROR] Failed to check if killmail exists: PostgresError: relation "killmails" does not exist
11/21/2025, 18:50:28 [ERROR] Failed to check if killmail exists: PostgresError: relation "killmails" does not exist
11/21/2025, 18:50:30 [ERROR] Failed to check if killmail exists: PostgresError: relation "killmails" does not exist
11/21/2025, 18:50:31 [ERROR] Failed to check if killmail exists: PostgresError: relation "killmails" does not exist

11/21/2025, 18:50:31 [WARN] Shutting down RedisQ importer...

11/21/2025, 18:50:31 [INFO] Final Stats:
  {
    "received": 22,
    "new": 0,
    "duplicate": 0,
    "processed": 0,
    "errors": 22
  }
