✅ Loaded queue: killmail
✅ Loaded queue: character
✅ Loaded queue: corporation
✅ Loaded queue: alliance
✅ Loaded queue: price

🚀 Starting Queue Workers
Queues to start: killmail, character, corporation, alliance, price

▶️  Started worker for queue: killmail
▶️  Started worker for queue: character
▶️  Started worker for queue: corporation
▶️  Started worker for queue: alliance
11/21/2025, 19:06:17 [INFO] [Price Queue] Worker started
▶️  Started worker for queue: price

✅ All 5 queue worker(s) started
Press Ctrl+C to stop

[killmail] Processing killmail 131385984...
[killmail] 131385984: Extracted 2 characters, 2 corporations, 1 alliances, 7 types
[killmail] 131385984: Fetching entity data...
[killmail] 131385984: Fetching prices for 7 types...
[killmail] 131385984: Storing killmail...
11/21/2025, 19:06:19 [INFO] [Killmail] Stored killmail 131385984 with hash 080b355f7a16951398b445f6b4a928e2ef98fd55
✅ [killmail] Successfully processed killmail 131385984
✅ [killmail] Job killmail-{"killmailId"_131385984,"hash"_"080b355f7a16951398b445f6b4a928e2ef98fd55"} completed

⏹️  Shutting down queue workers...
✅ All workers shut down
