$ bun cli.ts redisq
🚀 Starting RedisQ killmail importer
📡 Listening to URL: https://zkillredisq.stream/listen.php?queueID=jules_test_agent
Press Ctrl+C to stop
11/21/2025, 18:57:50 [✓] Enqueued killmail 131385905 for processing
11/21/2025, 18:57:51 [✓] Enqueued killmail 131385902 for processing
11/21/2025, 18:57:52 [✓] Enqueued killmail 131385919 for processing
11/21/2025, 18:57:53 [✓] Enqueued killmail 131385936 for processing
11/21/2025, 18:57:54 [✓] Enqueued killmail 131385948 for processing
11/21/2025, 18:57:55 [✓] Enqueued killmail 131385870 for processing
11/21/2025, 18:57:56 [✓] Enqueued killmail 131385907 for processing
11/21/2025, 18:57:57 [✓] Enqueued killmail 131385987 for processing
11/21/2025, 18:57:58 [✓] Enqueued killmail 131385963 for processing
11/21/2025, 18:57:59 [✓] Enqueued killmail 131385853 for processing
11/21/2025, 18:58:00 [✓] Enqueued killmail 131385860 for processing
11/21/2025, 18:58:01 [✓] Enqueued killmail 131385928 for processing
11/21/2025, 18:58:03 [✓] Enqueued killmail 131385942 for processing
11/21/2025, 18:58:03 [✓] Enqueued killmail 131385874 for processing
11/21/2025, 18:58:04 [✓] Enqueued killmail 131385961 for processing
11/21/2025, 18:58:06 [✓] Enqueued killmail 131385979 for processing
11/21/2025, 18:58:07 [✓] Enqueued killmail 131385888 for processing
11/21/2025, 18:58:09 [✓] Enqueued killmail 131385885 for processing
11/21/2025, 18:58:10 [✓] Enqueued killmail 131385849 for processing
11/21/2025, 18:58:12 [✓] Enqueued killmail 131385884 for processing
11/21/2025, 18:58:13 [✓] Enqueued killmail 131385931 for processing
11/21/2025, 18:58:13 [✓] Enqueued killmail 131385938 for processing
11/21/2025, 18:58:15 [✓] Enqueued killmail 131385960 for processing
11/21/2025, 18:58:16 [✓] Enqueued killmail 131385981 for processing
11/21/2025, 18:58:17 [✓] Enqueued killmail 131385898 for processing

11/21/2025, 18:58:17 [INFO] Stats (every 25 killmails):
  {
    "received": 25,
    "new": 25,
    "duplicate": 0,
    "processed": 25,
    "errors": 0
  }

11/21/2025, 18:58:18 [✓] Enqueued killmail 131385980 for processing

11/21/2025, 18:58:19 [WARN] Shutting down RedisQ importer...

11/21/2025, 18:58:19 [INFO] Final Stats:
  {
    "received": 26,
    "new": 26,
    "duplicate": 0,
    "processed": 26,
    "errors": 0
  }
