✅ Loaded queue: killmail
✅ Loaded queue: character
✅ Loaded queue: corporation
✅ Loaded queue: alliance
✅ Loaded queue: price

🚀 Starting Queue Workers
Queues to start: killmail, character, corporation, alliance, price

▶️  Started worker for queue: killmail
▶️  Started worker for queue: character
▶️  Started worker for queue: corporation
▶️  Started worker for queue: alliance
11/21/2025, 19:04:33 [INFO] [Price Queue] Worker started
▶️  Started worker for queue: price

✅ All 5 queue worker(s) started
Press Ctrl+C to stop

[killmail] Processing killmail 131385892...
[killmail] Processing killmail 131384345...
[killmail] Processing killmail 131385949...
[killmail] 131385892: Extracted 2 characters, 2 corporations, 1 alliances, 2 types
[killmail] 131385892: Fetching entity data...
[killmail] 131384345: Extracted 96 characters, 45 corporations, 5 alliances, 55 types
[killmail] 131384345: Fetching entity data...
[killmail] 131385949: Extracted 3 characters, 3 corporations, 2 alliances, 9 types
[killmail] 131385949: Fetching entity data...
[killmail] 131385892: Fetching prices for 2 types...
[killmail] 131384345: Fetching prices for 55 types...
[killmail] 131385949: Fetching prices for 9 types...
[killmail] 131385892: Storing killmail...
11/21/2025, 19:05:09 [INFO] [Killmail] Stored killmail 131385892 with hash 86727c62e90742da8bba0b6309fca419c26ef49d
✅ [killmail] Successfully processed killmail 131385892
✅ [killmail] Job killmail-{"killmailId"_131385892,"hash"_"86727c62e90742da8bba0b6309fca419c26ef49d"} completed
[killmail] Processing killmail 131385905...
[killmail] 131384345: Storing killmail...
Database insert error: 78 |     x instanceof Parameter
79 |       ? x.value = options.transform.undefined
80 |       : value = x = options.transform.undefined
81 |
82 |     if (value === undefined)
83 |       throw Errors.generic('UNDEFINED_VALUE', 'Undefined values are not allowed')
                        ^
UNDEFINED_VALUE: Undefined values are not allowed
 code: "UNDEFINED_VALUE"

      at handleValue (/app/node_modules/postgres/src/types.js:83:20)

11/21/2025, 19:05:09 [ERROR] [Killmail] Failed to insert killmail record 131384345
  {
    "record": {
      "killmailId": 131384345,
      "killmailTime": "2025-11-21 17:33:43",
      "solarSystemId": 30000772,
      "victimAllianceId": null,
      "victimCharacterId": 777492399,
      "victimCorporationId": 98818269,
      "victimDamageTaken": 55453,
      "victimShipTypeId": 72872,
      "positionX": -1835331418033.14,
      "positionY": -96019445973.49173,
      "positionZ": 2475841113064.225,
      "hash": "a7f515071afb3116af8e4b9271e9ab832bbedabd",
      "topAttackerCharacterId": 93191916,
      "topAttackerCorporationId": 244898283,
      "topAttackerAllianceId": 1354830081,
      "topAttackerShipTypeId": 22446,
      "totalValue": 282694005.28999996,
      "attackerCount": 95,
      "npc": false,
      "solo": false,
      "createdAt": "2025-11-21T19:05:09.000Z",
      "version": 1763751909974
    },
    "undefinedKeys": [
      "awox"
    ]
  }
11/21/2025, 19:05:09 [ERROR] [Killmail] Error storing killmail:
  {
    "error": {
      "code": "UNDEFINED_VALUE"
    }
  }
❌ [killmail] Error processing killmail 131384345: 78 |     x instanceof Parameter
79 |       ? x.value = options.transform.undefined
80 |       : value = x = options.transform.undefined
81 |
82 |     if (value === undefined)
83 |       throw Errors.generic('UNDEFINED_VALUE', 'Undefined values are not allowed')
                        ^
UNDEFINED_VALUE: Undefined values are not allowed
 code: "UNDEFINED_VALUE"

      at handleValue (/app/node_modules/postgres/src/types.js:83:20)

❌ [killmail] Job killmail-{"killmailId"_131384345,"hash"_"a7f515071afb3116af8e4b9271e9ab832bbedabd"} failed: UNDEFINED_VALUE: Undefined values are not allowed
[killmail] Processing killmail 131385902...
[killmail] 131385949: Storing killmail...
Database insert error: 78 |     x instanceof Parameter
79 |       ? x.value = options.transform.undefined
80 |       : value = x = options.transform.undefined
81 |
82 |     if (value === undefined)
83 |       throw Errors.generic('UNDEFINED_VALUE', 'Undefined values are not allowed')
                        ^
UNDEFINED_VALUE: Undefined values are not allowed
 code: "UNDEFINED_VALUE"

      at handleValue (/app/node_modules/postgres/src/types.js:83:20)

11/21/2025, 19:05:10 [ERROR] [Killmail] Failed to insert killmail record 131385949
  {
    "record": {
      "killmailId": 131385949,
      "killmailTime": "2025-11-21 18:32:58",
      "solarSystemId": 30004809,
      "victimAllianceId": null,
      "victimCharacterId": 94825952,
      "victimCorporationId": 98807127,
      "victimDamageTaken": 1259,
      "victimShipTypeId": 11188,
      "positionX": -1038148772146.6259,
      "positionY": 150418502559.1076,
      "positionZ": -594016806796.7247,
      "hash": "9f9909b354409738f741ebdde6df317aa93ae496",
      "topAttackerCharacterId": 2121848670,
      "topAttackerCorporationId": 98776033,
      "topAttackerAllianceId": 99003214,
      "topAttackerShipTypeId": 17713,
      "totalValue": 35341289.379999995,
      "attackerCount": 2,
      "npc": false,
      "solo": false,
      "createdAt": "2025-11-21T19:05:10.000Z",
      "version": 1763751910317
    },
    "undefinedKeys": [
      "awox"
    ]
  }
11/21/2025, 19:05:10 [ERROR] [Killmail] Error storing killmail:
  {
    "error": {
      "code": "UNDEFINED_VALUE"
    }
  }
❌ [killmail] Error processing killmail 131385949: 78 |     x instanceof Parameter
79 |       ? x.value = options.transform.undefined
80 |       : value = x = options.transform.undefined
81 |
82 |     if (value === undefined)
83 |       throw Errors.generic('UNDEFINED_VALUE', 'Undefined values are not allowed')
                        ^
UNDEFINED_VALUE: Undefined values are not allowed
 code: "UNDEFINED_VALUE"

      at handleValue (/app/node_modules/postgres/src/types.js:83:20)

❌ [killmail] Job killmail-{"killmailId"_131385949,"hash"_"9f9909b354409738f741ebdde6df317aa93ae496"} failed: UNDEFINED_VALUE: Undefined values are not allowed
[killmail] Processing killmail 131385919...
[killmail] 131385905: Extracted 2 characters, 2 corporations, 1 alliances, 15 types
[killmail] 131385905: Fetching entity data...
[killmail] 131385902: Extracted 2 characters, 2 corporations, 1 alliances, 13 types
[killmail] 131385902: Fetching entity data...
[killmail] 131385919: Extracted 2 characters, 2 corporations, 1 alliances, 5 types
[killmail] 131385919: Fetching entity data...
[killmail] 131385905: Fetching prices for 15 types...
[killmail] 131385905: Storing killmail...
Database insert error: 78 |     x instanceof Parameter
79 |       ? x.value = options.transform.undefined
80 |       : value = x = options.transform.undefined
81 |
82 |     if (value === undefined)
83 |       throw Errors.generic('UNDEFINED_VALUE', 'Undefined values are not allowed')
                        ^
UNDEFINED_VALUE: Undefined values are not allowed
 code: "UNDEFINED_VALUE"

      at handleValue (/app/node_modules/postgres/src/types.js:83:20)

11/21/2025, 19:05:12 [ERROR] [Killmail] Failed to insert killmail record 131385905
  {
    "record": {
      "killmailId": 131385905,
      "killmailTime": "2025-11-21 18:31:04",
      "solarSystemId": 30002812,
      "victimAllianceId": null,
      "victimCharacterId": 2123350808,
      "victimCorporationId": 1000115,
      "victimDamageTaken": 3071,
      "victimShipTypeId": 89240,
      "positionX": -469119852130.98895,
      "positionY": -70283304282.9431,
      "positionZ": -246764320758.85074,
      "hash": "ee2abe8467d18493278557018ffd81eef3f7562d",
      "topAttackerCharacterId": 91119149,
      "topAttackerCorporationId": 98724774,
      "topAttackerAllianceId": 99012369,
      "topAttackerShipTypeId": 35683,
      "totalValue": 4920570.79,
      "attackerCount": 1,
      "npc": false,
      "solo": true,
      "createdAt": "2025-11-21T19:05:12.000Z",
      "version": 1763751912044
    },
    "undefinedKeys": [
      "awox"
    ]
  }
11/21/2025, 19:05:12 [ERROR] [Killmail] Error storing killmail:
  {
    "error": {
      "code": "UNDEFINED_VALUE"
    }
  }
❌ [killmail] Error processing killmail 131385905: 78 |     x instanceof Parameter
79 |       ? x.value = options.transform.undefined
80 |       : value = x = options.transform.undefined
81 |
82 |     if (value === undefined)
83 |       throw Errors.generic('UNDEFINED_VALUE', 'Undefined values are not allowed')
                        ^
UNDEFINED_VALUE: Undefined values are not allowed
 code: "UNDEFINED_VALUE"

      at handleValue (/app/node_modules/postgres/src/types.js:83:20)

❌ [killmail] Job killmail-{"killmailId"_131385905,"hash"_"ee2abe8467d18493278557018ffd81eef3f7562d"} failed: UNDEFINED_VALUE: Undefined values are not allowed
[killmail] Processing killmail 131385948...
[killmail] 131385902: Fetching prices for 13 types...
[killmail] 131385902: Storing killmail...
Database insert error: 78 |     x instanceof Parameter
79 |       ? x.value = options.transform.undefined
80 |       : value = x = options.transform.undefined
81 |
82 |     if (value === undefined)
83 |       throw Errors.generic('UNDEFINED_VALUE', 'Undefined values are not allowed')
                        ^
UNDEFINED_VALUE: Undefined values are not allowed
 code: "UNDEFINED_VALUE"

      at handleValue (/app/node_modules/postgres/src/types.js:83:20)

11/21/2025, 19:05:13 [ERROR] [Killmail] Failed to insert killmail record 131385902
  {
    "record": {
      "killmailId": 131385902,
      "killmailTime": "2025-11-21 18:30:55",
      "solarSystemId": 30004979,
      "victimAllianceId": null,
      "victimCharacterId": 2123578357,
      "victimCorporationId": 98815314,
      "victimDamageTaken": 3554,
      "victimShipTypeId": 585,
      "positionX": 312107298404.98816,
      "positionY": 233621427182.91397,
      "positionZ": -13782229029.277977,
      "hash": "5f28289c4a600bb16ac7aeac4d91ac8ab604cbee",
      "topAttackerCharacterId": 2117671466,
      "topAttackerCorporationId": 98751878,
      "topAttackerAllianceId": 99012831,
      "topAttackerShipTypeId": 587,
      "totalValue": 4794947.61,
      "attackerCount": 2,
      "npc": false,
      "solo": false,
      "createdAt": "2025-11-21T19:05:13.000Z",
      "version": 1763751913099
    },
    "undefinedKeys": [
      "awox"
    ]
  }
11/21/2025, 19:05:13 [ERROR] [Killmail] Error storing killmail:
  {
    "error": {
      "code": "UNDEFINED_VALUE"
    }
  }
❌ [killmail] Error processing killmail 131385902: 78 |     x instanceof Parameter
79 |       ? x.value = options.transform.undefined
80 |       : value = x = options.transform.undefined
81 |
82 |     if (value === undefined)
83 |       throw Errors.generic('UNDEFINED_VALUE', 'Undefined values are not allowed')
                        ^
UNDEFINED_VALUE: Undefined values are not allowed
 code: "UNDEFINED_VALUE"

      at handleValue (/app/node_modules/postgres/src/types.js:83:20)

❌ [killmail] Job killmail-{"killmailId"_131385902,"hash"_"5f28289c4a600bb16ac7aeac4d91ac8ab604cbee"} failed: UNDEFINED_VALUE: Undefined values are not allowed
[killmail] Processing killmail 131385853...
[killmail] 131385919: Fetching prices for 5 types...
[killmail] 131385919: Storing killmail...
Database insert error: 78 |     x instanceof Parameter
79 |       ? x.value = options.transform.undefined
80 |       : value = x = options.transform.undefined
81 |
82 |     if (value === undefined)
83 |       throw Errors.generic('UNDEFINED_VALUE', 'Undefined values are not allowed')
                        ^
UNDEFINED_VALUE: Undefined values are not allowed
 code: "UNDEFINED_VALUE"

      at handleValue (/app/node_modules/postgres/src/types.js:83:20)

11/21/2025, 19:05:14 [ERROR] [Killmail] Failed to insert killmail record 131385919
  {
    "record": {
      "killmailId": 131385919,
      "killmailTime": "2025-11-21 18:31:39",
      "solarSystemId": 31001591,
      "victimAllianceId": null,
      "victimCharacterId": 2123867103,
      "victimCorporationId": 98779676,
      "victimDamageTaken": 894,
      "victimShipTypeId": 32880,
      "positionX": 50571508740.506805,
      "positionY": -203029215506.59988,
      "positionZ": 104575793850.7743,
      "hash": "1a31a84120baf433405dfd40def0b7dffe6cc52b",
      "topAttackerCharacterId": 2123359683,
      "topAttackerCorporationId": 98693541,
      "topAttackerAllianceId": 99012161,
      "topAttackerShipTypeId": 22456,
      "totalValue": 30482505.009999998,
      "attackerCount": 1,
      "npc": false,
      "solo": true,
      "createdAt": "2025-11-21T19:05:14.000Z",
      "version": 1763751914164
    },
    "undefinedKeys": [
      "awox"
    ]
  }
11/21/2025, 19:05:14 [ERROR] [Killmail] Error storing killmail:
  {
    "error": {
      "code": "UNDEFINED_VALUE"
    }
  }
❌ [killmail] Error processing killmail 131385919: 78 |     x instanceof Parameter
79 |       ? x.value = options.transform.undefined
80 |       : value = x = options.transform.undefined
81 |
82 |     if (value === undefined)
83 |       throw Errors.generic('UNDEFINED_VALUE', 'Undefined values are not allowed')
                        ^
UNDEFINED_VALUE: Undefined values are not allowed
 code: "UNDEFINED_VALUE"

      at handleValue (/app/node_modules/postgres/src/types.js:83:20)

❌ [killmail] Job killmail-{"killmailId"_131385919,"hash"_"1a31a84120baf433405dfd40def0b7dffe6cc52b"} failed: UNDEFINED_VALUE: Undefined values are not allowed
[killmail] Processing killmail 131385928...
[killmail] 131385948: Extracted 2 characters, 2 corporations, 1 alliances, 2 types
[killmail] 131385948: Fetching entity data...
[killmail] 131385853: Extracted 12 characters, 5 corporations, 2 alliances, 23 types
[killmail] 131385853: Fetching entity data...
[killmail] 131385928: Extracted 2 characters, 2 corporations, 0 alliances, 18 types
[killmail] 131385928: Fetching entity data...
[killmail] 131385948: Fetching prices for 2 types...
[killmail] 131385948: Storing killmail...
Database insert error: 78 |     x instanceof Parameter
79 |       ? x.value = options.transform.undefined
80 |       : value = x = options.transform.undefined
81 |
82 |     if (value === undefined)
83 |       throw Errors.generic('UNDEFINED_VALUE', 'Undefined values are not allowed')
                        ^
UNDEFINED_VALUE: Undefined values are not allowed
 code: "UNDEFINED_VALUE"

      at handleValue (/app/node_modules/postgres/src/types.js:83:20)

11/21/2025, 19:05:15 [ERROR] [Killmail] Failed to insert killmail record 131385948
  {
    "record": {
      "killmailId": 131385948,
      "killmailTime": "2025-11-21 18:32:53",
      "solarSystemId": 31001591,
      "victimAllianceId": null,
      "victimCharacterId": 2123867103,
      "victimCorporationId": 98779676,
      "victimDamageTaken": 487,
      "victimShipTypeId": 670,
      "positionX": 50571508695.40681,
      "positionY": -203029215461.49988,
      "positionZ": 104575793895.87431,
      "hash": "a09c9061cf6ebc626ab340af4735f782d23ddc55",
      "topAttackerCharacterId": 2123359683,
      "topAttackerCorporationId": 98693541,
      "topAttackerAllianceId": 99012161,
      "topAttackerShipTypeId": 22456,
      "totalValue": 0,
      "attackerCount": 1,
      "npc": false,
      "solo": true,
      "createdAt": "2025-11-21T19:05:15.000Z",
      "version": 1763751915896
    },
    "undefinedKeys": [
      "awox"
    ]
  }
11/21/2025, 19:05:15 [ERROR] [Killmail] Error storing killmail:
  {
    "error": {
      "code": "UNDEFINED_VALUE"
    }
  }
❌ [killmail] Error processing killmail 131385948: 78 |     x instanceof Parameter
79 |       ? x.value = options.transform.undefined
80 |       : value = x = options.transform.undefined
81 |
82 |     if (value === undefined)
83 |       throw Errors.generic('UNDEFINED_VALUE', 'Undefined values are not allowed')
                        ^
UNDEFINED_VALUE: Undefined values are not allowed
 code: "UNDEFINED_VALUE"

      at handleValue (/app/node_modules/postgres/src/types.js:83:20)

❌ [killmail] Job killmail-{"killmailId"_131385948,"hash"_"a09c9061cf6ebc626ab340af4735f782d23ddc55"} failed: UNDEFINED_VALUE: Undefined values are not allowed
[killmail] Processing killmail 131385942...
[killmail] 131385853: Fetching prices for 23 types...
[killmail] 131385853: Storing killmail...
Database insert error: 78 |     x instanceof Parameter
79 |       ? x.value = options.transform.undefined
80 |       : value = x = options.transform.undefined
81 |
82 |     if (value === undefined)
83 |       throw Errors.generic('UNDEFINED_VALUE', 'Undefined values are not allowed')
                        ^
UNDEFINED_VALUE: Undefined values are not allowed
 code: "UNDEFINED_VALUE"

      at handleValue (/app/node_modules/postgres/src/types.js:83:20)

11/21/2025, 19:05:19 [ERROR] [Killmail] Failed to insert killmail record 131385853
  {
    "record": {
      "killmailId": 131385853,
      "killmailTime": "2025-11-21 18:28:49",
      "solarSystemId": 30002537,
      "victimAllianceId": null,
      "victimCharacterId": 2122810562,
      "victimCorporationId": 98786490,
      "victimDamageTaken": 3301,
      "victimShipTypeId": 16242,
      "positionX": -442587578796.24005,
      "positionY": -58861860133.18842,
      "positionZ": 1018777540883.2761,
      "hash": "fa4a5404349a86d47253c116acfd6503f813814e",
      "topAttackerCharacterId": 91429211,
      "topAttackerCorporationId": 98224639,
      "topAttackerAllianceId": 99005678,
      "topAttackerShipTypeId": 29344,
      "totalValue": 9986412.8,
      "attackerCount": 11,
      "npc": false,
      "solo": false,
      "createdAt": "2025-11-21T19:05:19.000Z",
      "version": 1763751919984
    },
    "undefinedKeys": [
      "awox"
    ]
  }
11/21/2025, 19:05:19 [ERROR] [Killmail] Error storing killmail:
  {
    "error": {
      "code": "UNDEFINED_VALUE"
    }
  }
❌ [killmail] Error processing killmail 131385853: 78 |     x instanceof Parameter
79 |       ? x.value = options.transform.undefined
80 |       : value = x = options.transform.undefined
81 |
82 |     if (value === undefined)
83 |       throw Errors.generic('UNDEFINED_VALUE', 'Undefined values are not allowed')
                        ^
UNDEFINED_VALUE: Undefined values are not allowed
 code: "UNDEFINED_VALUE"

      at handleValue (/app/node_modules/postgres/src/types.js:83:20)

❌ [killmail] Job killmail-{"killmailId"_131385853,"hash"_"fa4a5404349a86d47253c116acfd6503f813814e"} failed: UNDEFINED_VALUE: Undefined values are not allowed
[killmail] Processing killmail 131385961...
[killmail] 131385928: Fetching prices for 18 types...
[killmail] 131385928: Storing killmail...
Database insert error: 78 |     x instanceof Parameter
79 |       ? x.value = options.transform.undefined
80 |       : value = x = options.transform.undefined
81 |
82 |     if (value === undefined)
83 |       throw Errors.generic('UNDEFINED_VALUE', 'Undefined values are not allowed')
                        ^
UNDEFINED_VALUE: Undefined values are not allowed
 code: "UNDEFINED_VALUE"

      at handleValue (/app/node_modules/postgres/src/types.js:83:20)

11/21/2025, 19:05:20 [ERROR] [Killmail] Failed to insert killmail record 131385928
  {
    "record": {
      "killmailId": 131385928,
      "killmailTime": "2025-11-21 18:32:08",
      "solarSystemId": 30002537,
      "victimAllianceId": null,
      "victimCharacterId": 2117075056,
      "victimCorporationId": 98722326,
      "victimDamageTaken": 1900,
      "victimShipTypeId": 587,
      "positionX": -529823169766.6513,
      "positionY": 38452604657.52205,
      "positionZ": 951861900679.3883,
      "hash": "7cecf0fc0ca1511356e46dd4ebbd806ccae15a75",
      "topAttackerCharacterId": 1572162852,
      "topAttackerCorporationId": 1860753927,
      "topAttackerAllianceId": null,
      "topAttackerShipTypeId": 593,
      "totalValue": 8875566.07,
      "attackerCount": 1,
      "npc": false,
      "solo": true,
      "createdAt": "2025-11-21T19:05:20.000Z",
      "version": 1763751920824
    },
    "undefinedKeys": [
      "awox"
    ]
  }
11/21/2025, 19:05:20 [ERROR] [Killmail] Error storing killmail:
  {
    "error": {
      "code": "UNDEFINED_VALUE"
    }
  }
❌ [killmail] Error processing killmail 131385928: 78 |     x instanceof Parameter
79 |       ? x.value = options.transform.undefined
80 |       : value = x = options.transform.undefined
81 |
82 |     if (value === undefined)
83 |       throw Errors.generic('UNDEFINED_VALUE', 'Undefined values are not allowed')
                        ^
UNDEFINED_VALUE: Undefined values are not allowed
 code: "UNDEFINED_VALUE"

      at handleValue (/app/node_modules/postgres/src/types.js:83:20)

❌ [killmail] Job killmail-{"killmailId"_131385928,"hash"_"7cecf0fc0ca1511356e46dd4ebbd806ccae15a75"} failed: UNDEFINED_VALUE: Undefined values are not allowed
[killmail] Processing killmail 131385979...
[killmail] 131385942: Extracted 4 characters, 3 corporations, 1 alliances, 9 types
[killmail] 131385942: Fetching entity data...
[killmail] 131385961: Extracted 2 characters, 2 corporations, 1 alliances, 7 types
[killmail] 131385961: Fetching entity data...
[killmail] 131385979: Extracted 2 characters, 2 corporations, 0 alliances, 2 types
[killmail] 131385979: Fetching entity data...
[killmail] 131385942: Fetching prices for 9 types...
[killmail] 131385942: Storing killmail...
Database insert error: 78 |     x instanceof Parameter
79 |       ? x.value = options.transform.undefined
80 |       : value = x = options.transform.undefined
81 |
82 |     if (value === undefined)
83 |       throw Errors.generic('UNDEFINED_VALUE', 'Undefined values are not allowed')
                        ^
UNDEFINED_VALUE: Undefined values are not allowed
 code: "UNDEFINED_VALUE"

      at handleValue (/app/node_modules/postgres/src/types.js:83:20)

11/21/2025, 19:05:23 [ERROR] [Killmail] Failed to insert killmail record 131385942
  {
    "record": {
      "killmailId": 131385942,
      "killmailTime": "2025-11-21 18:32:42",
      "solarSystemId": 30003052,
      "victimAllianceId": null,
      "victimCharacterId": 2112806152,
      "victimCorporationId": 98176249,
      "victimDamageTaken": 12889,
      "victimShipTypeId": 17478,
      "positionX": -45986597384.553635,
      "positionY": -154860259314.1222,
      "positionZ": -197060195826.8043,
      "hash": "67a50ab2d90ccf9083ade9a8e4eb86309938721d",
      "topAttackerCharacterId": 2118216781,
      "topAttackerCorporationId": 98140648,
      "topAttackerAllianceId": 99013806,
      "topAttackerShipTypeId": 16240,
      "totalValue": 77956259.25,
      "attackerCount": 3,
      "npc": false,
      "solo": false,
      "createdAt": "2025-11-21T19:05:23.000Z",
      "version": 1763751923159
    },
    "undefinedKeys": [
      "awox"
    ]
  }
11/21/2025, 19:05:23 [ERROR] [Killmail] Error storing killmail:
  {
    "error": {
      "code": "UNDEFINED_VALUE"
    }
  }
❌ [killmail] Error processing killmail 131385942: 78 |     x instanceof Parameter
79 |       ? x.value = options.transform.undefined
80 |       : value = x = options.transform.undefined
81 |
82 |     if (value === undefined)
83 |       throw Errors.generic('UNDEFINED_VALUE', 'Undefined values are not allowed')
                        ^
UNDEFINED_VALUE: Undefined values are not allowed
 code: "UNDEFINED_VALUE"

      at handleValue (/app/node_modules/postgres/src/types.js:83:20)

❌ [killmail] Job killmail-{"killmailId"_131385942,"hash"_"67a50ab2d90ccf9083ade9a8e4eb86309938721d"} failed: UNDEFINED_VALUE: Undefined values are not allowed
[killmail] Processing killmail 131385888...
[killmail] 131385961: Fetching prices for 7 types...
[killmail] 131385961: Storing killmail...
Database insert error: 78 |     x instanceof Parameter
79 |       ? x.value = options.transform.undefined
80 |       : value = x = options.transform.undefined
81 |
82 |     if (value === undefined)
83 |       throw Errors.generic('UNDEFINED_VALUE', 'Undefined values are not allowed')
                        ^
UNDEFINED_VALUE: Undefined values are not allowed
 code: "UNDEFINED_VALUE"

      at handleValue (/app/node_modules/postgres/src/types.js:83:20)

11/21/2025, 19:05:24 [ERROR] [Killmail] Failed to insert killmail record 131385961
  {
    "record": {
      "killmailId": 131385961,
      "killmailTime": "2025-11-21 18:33:35",
      "solarSystemId": 30001356,
      "victimAllianceId": null,
      "victimCharacterId": 96329129,
      "victimCorporationId": 1000009,
      "victimDamageTaken": 450,
      "victimShipTypeId": 670,
      "positionX": -1105125575237.1157,
      "positionY": -130887474379.53967,
      "positionZ": 4203852460227.436,
      "hash": "6f9a3c48dcee07b6ce2322e644edbce3d734ef05",
      "topAttackerCharacterId": 2120794912,
      "topAttackerCorporationId": 98799688,
      "topAttackerAllianceId": 99014193,
      "topAttackerShipTypeId": 3756,
      "totalValue": 38817800.27,
      "attackerCount": 1,
      "npc": false,
      "solo": true,
      "createdAt": "2025-11-21T19:05:24.000Z",
      "version": 1763751924221
    },
    "undefinedKeys": [
      "awox"
    ]
  }
11/21/2025, 19:05:24 [ERROR] [Killmail] Error storing killmail:
  {
    "error": {
      "code": "UNDEFINED_VALUE"
    }
  }
❌ [killmail] Error processing killmail 131385961: 78 |     x instanceof Parameter
79 |       ? x.value = options.transform.undefined
80 |       : value = x = options.transform.undefined
81 |
82 |     if (value === undefined)
83 |       throw Errors.generic('UNDEFINED_VALUE', 'Undefined values are not allowed')
                        ^
UNDEFINED_VALUE: Undefined values are not allowed
 code: "UNDEFINED_VALUE"

      at handleValue (/app/node_modules/postgres/src/types.js:83:20)

❌ [killmail] Job killmail-{"killmailId"_131385961,"hash"_"6f9a3c48dcee07b6ce2322e644edbce3d734ef05"} failed: UNDEFINED_VALUE: Undefined values are not allowed
[killmail] Processing killmail 131385940...
[killmail] 131385979: Fetching prices for 2 types...
[killmail] 131385979: Storing killmail...
Database insert error: 78 |     x instanceof Parameter
79 |       ? x.value = options.transform.undefined
80 |       : value = x = options.transform.undefined
81 |
82 |     if (value === undefined)
83 |       throw Errors.generic('UNDEFINED_VALUE', 'Undefined values are not allowed')
                        ^
UNDEFINED_VALUE: Undefined values are not allowed
 code: "UNDEFINED_VALUE"

      at handleValue (/app/node_modules/postgres/src/types.js:83:20)

11/21/2025, 19:05:25 [ERROR] [Killmail] Failed to insert killmail record 131385979
  {
    "record": {
      "killmailId": 131385979,
      "killmailTime": "2025-11-21 18:34:15",
      "solarSystemId": 30002537,
      "victimAllianceId": null,
      "victimCharacterId": 2117075056,
      "victimCorporationId": 98722326,
      "victimDamageTaken": 406,
      "victimShipTypeId": 670,
      "positionX": -529823169800.75885,
      "positionY": 38452604691.63386,
      "positionZ": 951861900645.2794,
      "hash": "b5c3dc8be3606937f95af192db00f714f303dcb1",
      "topAttackerCharacterId": 1572162852,
      "topAttackerCorporationId": 1860753927,
      "topAttackerAllianceId": null,
      "topAttackerShipTypeId": 593,
      "totalValue": 0,
      "attackerCount": 1,
      "npc": false,
      "solo": true,
      "createdAt": "2025-11-21T19:05:25.000Z",
      "version": 1763751925067
    },
    "undefinedKeys": [
      "awox"
    ]
  }
11/21/2025, 19:05:25 [ERROR] [Killmail] Error storing killmail:
  {
    "error": {
      "code": "UNDEFINED_VALUE"
    }
  }
❌ [killmail] Error processing killmail 131385979: 78 |     x instanceof Parameter
79 |       ? x.value = options.transform.undefined
80 |       : value = x = options.transform.undefined
81 |
82 |     if (value === undefined)
83 |       throw Errors.generic('UNDEFINED_VALUE', 'Undefined values are not allowed')
                        ^
UNDEFINED_VALUE: Undefined values are not allowed
 code: "UNDEFINED_VALUE"

      at handleValue (/app/node_modules/postgres/src/types.js:83:20)

❌ [killmail] Job killmail-{"killmailId"_131385979,"hash"_"b5c3dc8be3606937f95af192db00f714f303dcb1"} failed: UNDEFINED_VALUE: Undefined values are not allowed
[killmail] Processing killmail 131385971...
[killmail] 131385888: Extracted 2 characters, 3 corporations, 0 alliances, 9 types
[killmail] 131385888: Fetching entity data...
[killmail] 131385940: Extracted 2 characters, 2 corporations, 0 alliances, 9 types
[killmail] 131385940: Fetching entity data...
[killmail] 131385971: Extracted 2 characters, 2 corporations, 1 alliances, 17 types
[killmail] 131385971: Fetching entity data...
[killmail] 131385888: Fetching prices for 9 types...
[killmail] 131385888: Storing killmail...
Database insert error: 78 |     x instanceof Parameter
79 |       ? x.value = options.transform.undefined
80 |       : value = x = options.transform.undefined
81 |
82 |     if (value === undefined)
83 |       throw Errors.generic('UNDEFINED_VALUE', 'Undefined values are not allowed')
                        ^
UNDEFINED_VALUE: Undefined values are not allowed
 code: "UNDEFINED_VALUE"

      at handleValue (/app/node_modules/postgres/src/types.js:83:20)

11/21/2025, 19:05:26 [ERROR] [Killmail] Failed to insert killmail record 131385888
  {
    "record": {
      "killmailId": 131385888,
      "killmailTime": "2025-11-21 18:30:05",
      "solarSystemId": 30002756,
      "victimAllianceId": null,
      "victimCharacterId": 2119130119,
      "victimCorporationId": 98760758,
      "victimDamageTaken": 778,
      "victimShipTypeId": 32880,
      "positionX": 3492847617302.504,
      "positionY": 458245931836.3863,
      "positionZ": 71137338556.07506,
      "hash": "c42f276235877c9d4e59a609e4856b4a8110e84f",
      "topAttackerCharacterId": 90409140,
      "topAttackerCorporationId": 98816774,
      "topAttackerAllianceId": null,
      "topAttackerShipTypeId": 72903,
      "totalValue": 4582026.53,
      "attackerCount": 2,
      "npc": false,
      "solo": false,
      "createdAt": "2025-11-21T19:05:26.000Z",
      "version": 1763751926776
    },
    "undefinedKeys": [
      "awox"
    ]
  }
11/21/2025, 19:05:26 [ERROR] [Killmail] Error storing killmail:
  {
    "error": {
      "code": "UNDEFINED_VALUE"
    }
  }
❌ [killmail] Error processing killmail 131385888: 78 |     x instanceof Parameter
79 |       ? x.value = options.transform.undefined
80 |       : value = x = options.transform.undefined
81 |
82 |     if (value === undefined)
83 |       throw Errors.generic('UNDEFINED_VALUE', 'Undefined values are not allowed')
                        ^
UNDEFINED_VALUE: Undefined values are not allowed
 code: "UNDEFINED_VALUE"

      at handleValue (/app/node_modules/postgres/src/types.js:83:20)

❌ [killmail] Job killmail-{"killmailId"_131385888,"hash"_"c42f276235877c9d4e59a609e4856b4a8110e84f"} failed: UNDEFINED_VALUE: Undefined values are not allowed
[killmail] Processing killmail 131385984...
[killmail] 131385940: Fetching prices for 9 types...
[killmail] 131385940: Storing killmail...
Database insert error: 78 |     x instanceof Parameter
79 |       ? x.value = options.transform.undefined
80 |       : value = x = options.transform.undefined
81 |
82 |     if (value === undefined)
83 |       throw Errors.generic('UNDEFINED_VALUE', 'Undefined values are not allowed')
                        ^
UNDEFINED_VALUE: Undefined values are not allowed
 code: "UNDEFINED_VALUE"

      at handleValue (/app/node_modules/postgres/src/types.js:83:20)

11/21/2025, 19:05:27 [ERROR] [Killmail] Failed to insert killmail record 131385940
  {
    "record": {
      "killmailId": 131385940,
      "killmailTime": "2025-11-21 18:32:39",
      "solarSystemId": 30004985,
      "victimAllianceId": null,
      "victimCharacterId": 2117759293,
      "victimCorporationId": 98662137,
      "victimDamageTaken": 3265,
      "victimShipTypeId": 16240,
      "positionX": 1168429547453.8079,
      "positionY": 109962851007.09898,
      "positionZ": 1686263562732.9485,
      "hash": "c3025904356d399feaa02af1ebf0ed5eb8dc3900",
      "topAttackerCharacterId": 621128928,
      "topAttackerCorporationId": 98745057,
      "topAttackerAllianceId": null,
      "topAttackerShipTypeId": 17843,
      "totalValue": 12617217.07,
      "attackerCount": 1,
      "npc": false,
      "solo": true,
      "createdAt": "2025-11-21T19:05:27.000Z",
      "version": 1763751927630
    },
    "undefinedKeys": [
      "awox"
    ]
  }
11/21/2025, 19:05:27 [ERROR] [Killmail] Error storing killmail:
  {
    "error": {
      "code": "UNDEFINED_VALUE"
    }
  }
❌ [killmail] Error processing killmail 131385940: 78 |     x instanceof Parameter
79 |       ? x.value = options.transform.undefined
80 |       : value = x = options.transform.undefined
81 |
82 |     if (value === undefined)
83 |       throw Errors.generic('UNDEFINED_VALUE', 'Undefined values are not allowed')
                        ^
UNDEFINED_VALUE: Undefined values are not allowed
 code: "UNDEFINED_VALUE"

      at handleValue (/app/node_modules/postgres/src/types.js:83:20)

❌ [killmail] Job killmail-{"killmailId"_131385940,"hash"_"c3025904356d399feaa02af1ebf0ed5eb8dc3900"} failed: UNDEFINED_VALUE: Undefined values are not allowed
[killmail] 131385971: Fetching prices for 17 types...
[killmail] 131385971: Storing killmail...
Database insert error: 78 |     x instanceof Parameter
79 |       ? x.value = options.transform.undefined
80 |       : value = x = options.transform.undefined
81 |
82 |     if (value === undefined)
83 |       throw Errors.generic('UNDEFINED_VALUE', 'Undefined values are not allowed')
                        ^
UNDEFINED_VALUE: Undefined values are not allowed
 code: "UNDEFINED_VALUE"

      at handleValue (/app/node_modules/postgres/src/types.js:83:20)

11/21/2025, 19:05:28 [ERROR] [Killmail] Failed to insert killmail record 131385971
  {
    "record": {
      "killmailId": 131385971,
      "killmailTime": "2025-11-21 18:34:11",
      "solarSystemId": 30002540,
      "victimAllianceId": null,
      "victimCharacterId": 2123910231,
      "victimCorporationId": 98818739,
      "victimDamageTaken": 1123,
      "victimShipTypeId": 583,
      "positionX": -1509198401860.9248,
      "positionY": -674919875927.0608,
      "positionZ": 2631318884535.855,
      "hash": "8377eb2f65aa3c7e25cd822a7ad035237018af49",
      "topAttackerCharacterId": 93824648,
      "topAttackerCorporationId": 98477920,
      "topAttackerAllianceId": 99000739,
      "topAttackerShipTypeId": 32872,
      "totalValue": 8009891.22,
      "attackerCount": 1,
      "npc": false,
      "solo": true,
      "createdAt": "2025-11-21T19:05:28.000Z",
      "version": 1763751928713
    },
    "undefinedKeys": [
      "awox"
    ]
  }
11/21/2025, 19:05:28 [ERROR] [Killmail] Error storing killmail:
  {
    "error": {
      "code": "UNDEFINED_VALUE"
    }
  }
❌ [killmail] Error processing killmail 131385971: 78 |     x instanceof Parameter
79 |       ? x.value = options.transform.undefined
80 |       : value = x = options.transform.undefined
81 |
82 |     if (value === undefined)
83 |       throw Errors.generic('UNDEFINED_VALUE', 'Undefined values are not allowed')
                        ^
UNDEFINED_VALUE: Undefined values are not allowed
 code: "UNDEFINED_VALUE"

      at handleValue (/app/node_modules/postgres/src/types.js:83:20)

❌ [killmail] Job killmail-{"killmailId"_131385971,"hash"_"8377eb2f65aa3c7e25cd822a7ad035237018af49"} failed: UNDEFINED_VALUE: Undefined values are not allowed
[killmail] 131385984: Extracted 2 characters, 2 corporations, 1 alliances, 7 types
[killmail] 131385984: Fetching entity data...
[killmail] 131385984: Fetching prices for 7 types...
[killmail] 131385984: Storing killmail...
Database insert error: 78 |     x instanceof Parameter
79 |       ? x.value = options.transform.undefined
80 |       : value = x = options.transform.undefined
81 |
82 |     if (value === undefined)
83 |       throw Errors.generic('UNDEFINED_VALUE', 'Undefined values are not allowed')
                        ^
UNDEFINED_VALUE: Undefined values are not allowed
 code: "UNDEFINED_VALUE"

      at handleValue (/app/node_modules/postgres/src/types.js:83:20)

11/21/2025, 19:05:29 [ERROR] [Killmail] Failed to insert killmail record 131385984
  {
    "record": {
      "killmailId": 131385984,
      "killmailTime": "2025-11-21 18:34:24",
      "solarSystemId": 30001361,
      "victimAllianceId": null,
      "victimCharacterId": 2123901974,
      "victimCorporationId": 98813850,
      "victimDamageTaken": 652,
      "victimShipTypeId": 32880,
      "positionX": -4285915176318.439,
      "positionY": 229405532380.5908,
      "positionZ": 974875707507.5144,
      "hash": "080b355f7a16951398b445f6b4a928e2ef98fd55",
      "topAttackerCharacterId": 95068538,
      "topAttackerCorporationId": 98451057,
      "topAttackerAllianceId": 99014193,
      "topAttackerShipTypeId": 12034,
      "totalValue": 3976425.45,
      "attackerCount": 1,
      "npc": false,
      "solo": true,
      "createdAt": "2025-11-21T19:05:29.000Z",
      "version": 1763751929968
    },
    "undefinedKeys": [
      "awox"
    ]
  }
11/21/2025, 19:05:29 [ERROR] [Killmail] Error storing killmail:
  {
    "error": {
      "code": "UNDEFINED_VALUE"
    }
  }
❌ [killmail] Error processing killmail 131385984: 78 |     x instanceof Parameter
79 |       ? x.value = options.transform.undefined
80 |       : value = x = options.transform.undefined
81 |
82 |     if (value === undefined)
83 |       throw Errors.generic('UNDEFINED_VALUE', 'Undefined values are not allowed')
                        ^
UNDEFINED_VALUE: Undefined values are not allowed
 code: "UNDEFINED_VALUE"

      at handleValue (/app/node_modules/postgres/src/types.js:83:20)

❌ [killmail] Job killmail-{"killmailId"_131385984,"hash"_"080b355f7a16951398b445f6b4a928e2ef98fd55"} failed: UNDEFINED_VALUE: Undefined values are not allowed
[killmail] Processing killmail 131385940...
[killmail] 131385940: Extracted 2 characters, 2 corporations, 0 alliances, 9 types
[killmail] 131385940: Fetching entity data...
[killmail] 131385940: Fetching prices for 9 types...
[killmail] 131385940: Storing killmail...
Database insert error: 78 |     x instanceof Parameter
79 |       ? x.value = options.transform.undefined
80 |       : value = x = options.transform.undefined
81 |
82 |     if (value === undefined)
83 |       throw Errors.generic('UNDEFINED_VALUE', 'Undefined values are not allowed')
                        ^
UNDEFINED_VALUE: Undefined values are not allowed
 code: "UNDEFINED_VALUE"

      at handleValue (/app/node_modules/postgres/src/types.js:83:20)

11/21/2025, 19:05:32 [ERROR] [Killmail] Failed to insert killmail record 131385940
  {
    "record": {
      "killmailId": 131385940,
      "killmailTime": "2025-11-21 18:32:39",
      "solarSystemId": 30004985,
      "victimAllianceId": null,
      "victimCharacterId": 2117759293,
      "victimCorporationId": 98662137,
      "victimDamageTaken": 3265,
      "victimShipTypeId": 16240,
      "positionX": 1168429547453.8079,
      "positionY": 109962851007.09898,
      "positionZ": 1686263562732.9485,
      "hash": "c3025904356d399feaa02af1ebf0ed5eb8dc3900",
      "topAttackerCharacterId": 621128928,
      "topAttackerCorporationId": 98745057,
      "topAttackerAllianceId": null,
      "topAttackerShipTypeId": 17843,
      "totalValue": 12617217.07,
      "attackerCount": 1,
      "npc": false,
      "solo": true,
      "createdAt": "2025-11-21T19:05:32.000Z",
      "version": 1763751932692
    },
    "undefinedKeys": [
      "awox"
    ]
  }
11/21/2025, 19:05:32 [ERROR] [Killmail] Error storing killmail:
  {
    "error": {
      "code": "UNDEFINED_VALUE"
    }
  }
❌ [killmail] Error processing killmail 131385940: 78 |     x instanceof Parameter
79 |       ? x.value = options.transform.undefined
80 |       : value = x = options.transform.undefined
81 |
82 |     if (value === undefined)
83 |       throw Errors.generic('UNDEFINED_VALUE', 'Undefined values are not allowed')
                        ^
UNDEFINED_VALUE: Undefined values are not allowed
 code: "UNDEFINED_VALUE"

      at handleValue (/app/node_modules/postgres/src/types.js:83:20)

❌ [killmail] Job killmail-{"killmailId"_131385940,"hash"_"c3025904356d399feaa02af1ebf0ed5eb8dc3900"} failed: UNDEFINED_VALUE: Undefined values are not allowed
[killmail] Processing killmail 131385971...
[killmail] 131385971: Extracted 2 characters, 2 corporations, 1 alliances, 17 types
[killmail] 131385971: Fetching entity data...

⏹️  Shutting down queue workers...
[killmail] 131385971: Fetching prices for 17 types...
[killmail] 131385971: Storing killmail...
Database insert error: 78 |     x instanceof Parameter
79 |       ? x.value = options.transform.undefined
80 |       : value = x = options.transform.undefined
81 |
82 |     if (value === undefined)
83 |       throw Errors.generic('UNDEFINED_VALUE', 'Undefined values are not allowed')
                        ^
UNDEFINED_VALUE: Undefined values are not allowed
 code: "UNDEFINED_VALUE"

      at handleValue (/app/node_modules/postgres/src/types.js:83:20)

11/21/2025, 19:05:34 [ERROR] [Killmail] Failed to insert killmail record 131385971
  {
    "record": {
      "killmailId": 131385971,
      "killmailTime": "2025-11-21 18:34:11",
      "solarSystemId": 30002540,
      "victimAllianceId": null,
      "victimCharacterId": 2123910231,
      "victimCorporationId": 98818739,
      "victimDamageTaken": 1123,
      "victimShipTypeId": 583,
      "positionX": -1509198401860.9248,
      "positionY": -674919875927.0608,
      "positionZ": 2631318884535.855,
      "hash": "8377eb2f65aa3c7e25cd822a7ad035237018af49",
      "topAttackerCharacterId": 93824648,
      "topAttackerCorporationId": 98477920,
      "topAttackerAllianceId": 99000739,
      "topAttackerShipTypeId": 32872,
      "totalValue": 8009891.22,
      "attackerCount": 1,
      "npc": false,
      "solo": true,
      "createdAt": "2025-11-21T19:05:34.000Z",
      "version": 1763751934002
    },
    "undefinedKeys": [
      "awox"
    ]
  }
11/21/2025, 19:05:34 [ERROR] [Killmail] Error storing killmail:
  {
    "error": {
      "code": "UNDEFINED_VALUE"
    }
  }
❌ [killmail] Error processing killmail 131385971: 78 |     x instanceof Parameter
79 |       ? x.value = options.transform.undefined
80 |       : value = x = options.transform.undefined
81 |
82 |     if (value === undefined)
83 |       throw Errors.generic('UNDEFINED_VALUE', 'Undefined values are not allowed')
                        ^
UNDEFINED_VALUE: Undefined values are not allowed
 code: "UNDEFINED_VALUE"

      at handleValue (/app/node_modules/postgres/src/types.js:83:20)

❌ [killmail] Job killmail-{"killmailId"_131385971,"hash"_"8377eb2f65aa3c7e25cd822a7ad035237018af49"} failed: UNDEFINED_VALUE: Undefined values are not allowed
✅ All workers shut down
