✅ Loaded queue: killmail
✅ Loaded queue: character
✅ Loaded queue: corporation
✅ Loaded queue: alliance
✅ Loaded queue: price

🚀 Starting Queue Workers
Queues to start: killmail, character, corporation, alliance, price

▶️  Started worker for queue: killmail
▶️  Started worker for queue: character
▶️  Started worker for queue: corporation
▶️  Started worker for queue: alliance
11/21/2025, 18:58:33 [INFO] [Price Queue] Worker started
▶️  Started worker for queue: price

✅ All 5 queue worker(s) started
Press Ctrl+C to stop

[killmail] Processing killmail 131385873...
[killmail] Processing killmail 131385671...
[killmail] Processing killmail 131385891...
[killmail] 131385873: Extracted 2 characters, 2 corporations, 2 alliances, 2 types
[killmail] 131385873: Fetching entity data...
[killmail] 131385671: Extracted 2 characters, 2 corporations, 2 alliances, 5 types
[killmail] 131385671: Fetching entity data...
[killmail] 131385891: Extracted 5 characters, 3 corporations, 1 alliances, 5 types
[killmail] 131385891: Fetching entity data...
[killmail] 131385873: Fetching prices for 2 types...
[killmail] 131385671: Fetching prices for 5 types...
[killmail] 131385891: Fetching prices for 5 types...
[killmail] 131385873: Storing killmail...
11/21/2025, 18:58:39 [INFO] [Killmail] Stored killmail 131385873 with hash 05811b34f97dbb2fb4cee108a54809358bf0ebae
✅ [killmail] Successfully processed killmail 131385873
✅ [killmail] Job killmail-{"killmailId"_131385873,"hash"_"05811b34f97dbb2fb4cee108a54809358bf0ebae"} completed
[killmail] Processing killmail 131385911...
[killmail] 131385671: Storing killmail...
11/21/2025, 18:58:39 [INFO] [Killmail] Stored killmail 131385671 with hash 7a1a8b54cf34108f98660beb41206eea9c3f814e
✅ [killmail] Successfully processed killmail 131385671
✅ [killmail] Job killmail-{"killmailId"_131385671,"hash"_"7a1a8b54cf34108f98660beb41206eea9c3f814e"} completed
[killmail] Processing killmail 131385881...
[killmail] 131385891: Storing killmail...
Database insert error: 78 |     x instanceof Parameter
79 |       ? x.value = options.transform.undefined
80 |       : value = x = options.transform.undefined
81 |
82 |     if (value === undefined)
83 |       throw Errors.generic('UNDEFINED_VALUE', 'Undefined values are not allowed')
                        ^
UNDEFINED_VALUE: Undefined values are not allowed
 code: "UNDEFINED_VALUE"

      at handleValue (/app/node_modules/postgres/src/types.js:83:20)

11/21/2025, 18:58:39 [ERROR] [Killmail] Error storing killmail:
  {
    "error": {
      "code": "UNDEFINED_VALUE"
    }
  }
❌ [killmail] Error processing killmail 131385891: 78 |     x instanceof Parameter
79 |       ? x.value = options.transform.undefined
80 |       : value = x = options.transform.undefined
81 |
82 |     if (value === undefined)
83 |       throw Errors.generic('UNDEFINED_VALUE', 'Undefined values are not allowed')
                        ^
UNDEFINED_VALUE: Undefined values are not allowed
 code: "UNDEFINED_VALUE"

      at handleValue (/app/node_modules/postgres/src/types.js:83:20)

❌ [killmail] Job killmail-{"killmailId"_131385891,"hash"_"426228d29a925b9f69e3e9faed5079e48a86e22e"} failed: UNDEFINED_VALUE: Undefined values are not allowed
[killmail] Processing killmail 131385905...
[killmail] 131385911: Extracted 13 characters, 2 corporations, 1 alliances, 6 types
[killmail] 131385911: Fetching entity data...
[killmail] 131385881: Extracted 2 characters, 2 corporations, 0 alliances, 19 types
[killmail] 131385881: Fetching entity data...
[killmail] 131385905: Extracted 2 characters, 2 corporations, 1 alliances, 15 types
[killmail] 131385905: Fetching entity data...
[killmail] 131385911: Fetching prices for 6 types...
[killmail] 131385911: Storing killmail...
Database insert error: 78 |     x instanceof Parameter
79 |       ? x.value = options.transform.undefined
80 |       : value = x = options.transform.undefined
81 |
82 |     if (value === undefined)
83 |       throw Errors.generic('UNDEFINED_VALUE', 'Undefined values are not allowed')
                        ^
UNDEFINED_VALUE: Undefined values are not allowed
 code: "UNDEFINED_VALUE"

      at handleValue (/app/node_modules/postgres/src/types.js:83:20)

11/21/2025, 18:58:44 [ERROR] [Killmail] Error storing killmail:
  {
    "error": {
      "code": "UNDEFINED_VALUE"
    }
  }
❌ [killmail] Error processing killmail 131385911: 78 |     x instanceof Parameter
79 |       ? x.value = options.transform.undefined
80 |       : value = x = options.transform.undefined
81 |
82 |     if (value === undefined)
83 |       throw Errors.generic('UNDEFINED_VALUE', 'Undefined values are not allowed')
                        ^
UNDEFINED_VALUE: Undefined values are not allowed
 code: "UNDEFINED_VALUE"

      at handleValue (/app/node_modules/postgres/src/types.js:83:20)

❌ [killmail] Job killmail-{"killmailId"_131385911,"hash"_"0e0397f151597b08c791ee8f1c4b257d905607c4"} failed: UNDEFINED_VALUE: Undefined values are not allowed
[killmail] Processing killmail 131385902...
[killmail] 131385881: Fetching prices for 19 types...
[killmail] 131385881: Storing killmail...
Database insert error: 78 |     x instanceof Parameter
79 |       ? x.value = options.transform.undefined
80 |       : value = x = options.transform.undefined
81 |
82 |     if (value === undefined)
83 |       throw Errors.generic('UNDEFINED_VALUE', 'Undefined values are not allowed')
                        ^
UNDEFINED_VALUE: Undefined values are not allowed
 code: "UNDEFINED_VALUE"

      at handleValue (/app/node_modules/postgres/src/types.js:83:20)

11/21/2025, 18:58:44 [ERROR] [Killmail] Error storing killmail:
  {
    "error": {
      "code": "UNDEFINED_VALUE"
    }
  }
❌ [killmail] Error processing killmail 131385881: 78 |     x instanceof Parameter
79 |       ? x.value = options.transform.undefined
80 |       : value = x = options.transform.undefined
81 |
82 |     if (value === undefined)
83 |       throw Errors.generic('UNDEFINED_VALUE', 'Undefined values are not allowed')
                        ^
UNDEFINED_VALUE: Undefined values are not allowed
 code: "UNDEFINED_VALUE"

      at handleValue (/app/node_modules/postgres/src/types.js:83:20)

❌ [killmail] Job killmail-{"killmailId"_131385881,"hash"_"3a1bb0a622ee81d097cc2f7847e312bc51664f8c"} failed: UNDEFINED_VALUE: Undefined values are not allowed
[killmail] Processing killmail 131385919...
[killmail] 131385905: Fetching prices for 15 types...
[killmail] 131385905: Storing killmail...
Database insert error: 78 |     x instanceof Parameter
79 |       ? x.value = options.transform.undefined
80 |       : value = x = options.transform.undefined
81 |
82 |     if (value === undefined)
83 |       throw Errors.generic('UNDEFINED_VALUE', 'Undefined values are not allowed')
                        ^
UNDEFINED_VALUE: Undefined values are not allowed
 code: "UNDEFINED_VALUE"

      at handleValue (/app/node_modules/postgres/src/types.js:83:20)

11/21/2025, 18:58:46 [ERROR] [Killmail] Error storing killmail:
  {
    "error": {
      "code": "UNDEFINED_VALUE"
    }
  }
❌ [killmail] Error processing killmail 131385905: 78 |     x instanceof Parameter
79 |       ? x.value = options.transform.undefined
80 |       : value = x = options.transform.undefined
81 |
82 |     if (value === undefined)
83 |       throw Errors.generic('UNDEFINED_VALUE', 'Undefined values are not allowed')
                        ^
UNDEFINED_VALUE: Undefined values are not allowed
 code: "UNDEFINED_VALUE"

      at handleValue (/app/node_modules/postgres/src/types.js:83:20)

❌ [killmail] Job killmail-{"killmailId"_131385905,"hash"_"ee2abe8467d18493278557018ffd81eef3f7562d"} failed: UNDEFINED_VALUE: Undefined values are not allowed
[killmail] Processing killmail 131385936...
[killmail] 131385902: Extracted 2 characters, 2 corporations, 1 alliances, 13 types
[killmail] 131385902: Fetching entity data...
[killmail] 131385919: Extracted 2 characters, 2 corporations, 1 alliances, 5 types
[killmail] 131385919: Fetching entity data...
[killmail] 131385936: Extracted 4 characters, 2 corporations, 2 alliances, 3 types
[killmail] 131385936: Fetching entity data...
[killmail] 131385902: Fetching prices for 13 types...
[killmail] 131385902: Storing killmail...
Database insert error: 78 |     x instanceof Parameter
79 |       ? x.value = options.transform.undefined
80 |       : value = x = options.transform.undefined
81 |
82 |     if (value === undefined)
83 |       throw Errors.generic('UNDEFINED_VALUE', 'Undefined values are not allowed')
                        ^
UNDEFINED_VALUE: Undefined values are not allowed
 code: "UNDEFINED_VALUE"

      at handleValue (/app/node_modules/postgres/src/types.js:83:20)

11/21/2025, 18:58:47 [ERROR] [Killmail] Error storing killmail:
  {
    "error": {
      "code": "UNDEFINED_VALUE"
    }
  }
❌ [killmail] Error processing killmail 131385902: 78 |     x instanceof Parameter
79 |       ? x.value = options.transform.undefined
80 |       : value = x = options.transform.undefined
81 |
82 |     if (value === undefined)
83 |       throw Errors.generic('UNDEFINED_VALUE', 'Undefined values are not allowed')
                        ^
UNDEFINED_VALUE: Undefined values are not allowed
 code: "UNDEFINED_VALUE"

      at handleValue (/app/node_modules/postgres/src/types.js:83:20)

❌ [killmail] Job killmail-{"killmailId"_131385902,"hash"_"5f28289c4a600bb16ac7aeac4d91ac8ab604cbee"} failed: UNDEFINED_VALUE: Undefined values are not allowed
[killmail] Processing killmail 131385948...
[killmail] 131385919: Fetching prices for 5 types...
[killmail] 131385919: Storing killmail...
Database insert error: 78 |     x instanceof Parameter
79 |       ? x.value = options.transform.undefined
80 |       : value = x = options.transform.undefined
81 |
82 |     if (value === undefined)
83 |       throw Errors.generic('UNDEFINED_VALUE', 'Undefined values are not allowed')
                        ^
UNDEFINED_VALUE: Undefined values are not allowed
 code: "UNDEFINED_VALUE"

      at handleValue (/app/node_modules/postgres/src/types.js:83:20)

11/21/2025, 18:58:48 [ERROR] [Killmail] Error storing killmail:
  {
    "error": {
      "code": "UNDEFINED_VALUE"
    }
  }
❌ [killmail] Error processing killmail 131385919: 78 |     x instanceof Parameter
79 |       ? x.value = options.transform.undefined
80 |       : value = x = options.transform.undefined
81 |
82 |     if (value === undefined)
83 |       throw Errors.generic('UNDEFINED_VALUE', 'Undefined values are not allowed')
                        ^
UNDEFINED_VALUE: Undefined values are not allowed
 code: "UNDEFINED_VALUE"

      at handleValue (/app/node_modules/postgres/src/types.js:83:20)

❌ [killmail] Job killmail-{"killmailId"_131385919,"hash"_"1a31a84120baf433405dfd40def0b7dffe6cc52b"} failed: UNDEFINED_VALUE: Undefined values are not allowed
[killmail] Processing killmail 131385870...
[killmail] 131385936: Fetching prices for 3 types...
[killmail] 131385936: Storing killmail...
11/21/2025, 18:58:50 [INFO] [Killmail] Stored killmail 131385936 with hash 91d01e78d09f2dbbf0adc9a06d2561cca67b25f8
✅ [killmail] Successfully processed killmail 131385936
✅ [killmail] Job killmail-{"killmailId"_131385936,"hash"_"91d01e78d09f2dbbf0adc9a06d2561cca67b25f8"} completed
[killmail] Processing killmail 131385907...
[killmail] 131385948: Extracted 2 characters, 2 corporations, 1 alliances, 2 types
[killmail] 131385948: Fetching entity data...
[killmail] 131385870: Extracted 3 characters, 3 corporations, 2 alliances, 19 types
[killmail] 131385870: Fetching entity data...
[killmail] 131385907: Extracted 2 characters, 2 corporations, 2 alliances, 11 types
[killmail] 131385907: Fetching entity data...
[killmail] 131385948: Fetching prices for 2 types...
[killmail] 131385948: Storing killmail...
Database insert error: 78 |     x instanceof Parameter
79 |       ? x.value = options.transform.undefined
80 |       : value = x = options.transform.undefined
81 |
82 |     if (value === undefined)
83 |       throw Errors.generic('UNDEFINED_VALUE', 'Undefined values are not allowed')
                        ^
UNDEFINED_VALUE: Undefined values are not allowed
 code: "UNDEFINED_VALUE"

      at handleValue (/app/node_modules/postgres/src/types.js:83:20)

11/21/2025, 18:58:52 [ERROR] [Killmail] Error storing killmail:
  {
    "error": {
      "code": "UNDEFINED_VALUE"
    }
  }
❌ [killmail] Error processing killmail 131385948: 78 |     x instanceof Parameter
79 |       ? x.value = options.transform.undefined
80 |       : value = x = options.transform.undefined
81 |
82 |     if (value === undefined)
83 |       throw Errors.generic('UNDEFINED_VALUE', 'Undefined values are not allowed')
                        ^
UNDEFINED_VALUE: Undefined values are not allowed
 code: "UNDEFINED_VALUE"

      at handleValue (/app/node_modules/postgres/src/types.js:83:20)

❌ [killmail] Job killmail-{"killmailId"_131385948,"hash"_"a09c9061cf6ebc626ab340af4735f782d23ddc55"} failed: UNDEFINED_VALUE: Undefined values are not allowed
[killmail] Processing killmail 131385987...
[killmail] 131385870: Fetching prices for 19 types...
[killmail] 131385870: Storing killmail...
11/21/2025, 18:58:53 [INFO] [Killmail] Stored killmail 131385870 with hash 6c3bd527813e3dd30acf02e95065a545a71aa9c1
✅ [killmail] Successfully processed killmail 131385870
✅ [killmail] Job killmail-{"killmailId"_131385870,"hash"_"6c3bd527813e3dd30acf02e95065a545a71aa9c1"} completed
[killmail] Processing killmail 131385963...
[killmail] 131385907: Fetching prices for 11 types...
[killmail] 131385907: Storing killmail...
11/21/2025, 18:58:55 [INFO] [Killmail] Stored killmail 131385907 with hash d48ab59b9f33963a7d2408c9173d43d393402abd
✅ [killmail] Successfully processed killmail 131385907
✅ [killmail] Job killmail-{"killmailId"_131385907,"hash"_"d48ab59b9f33963a7d2408c9173d43d393402abd"} completed
[killmail] Processing killmail 131385853...
[killmail] 131385987: Extracted 4 characters, 3 corporations, 2 alliances, 26 types
[killmail] 131385987: Fetching entity data...
[killmail] 131385963: Extracted 3 characters, 2 corporations, 2 alliances, 14 types
[killmail] 131385963: Fetching entity data...
[killmail] 131385853: Extracted 12 characters, 5 corporations, 2 alliances, 23 types
[killmail] 131385853: Fetching entity data...
[killmail] 131385987: Fetching prices for 26 types...
[killmail] 131385987: Storing killmail...
11/21/2025, 18:58:57 [INFO] [Killmail] Stored killmail 131385987 with hash 063d4815a9abcfd1d5a54446ef6bdbb5b0b114bf
✅ [killmail] Successfully processed killmail 131385987
✅ [killmail] Job killmail-{"killmailId"_131385987,"hash"_"063d4815a9abcfd1d5a54446ef6bdbb5b0b114bf"} completed
[killmail] Processing killmail 131385860...
[killmail] 131385963: Fetching prices for 14 types...
[killmail] 131385963: Storing killmail...
11/21/2025, 18:58:59 [INFO] [Killmail] Stored killmail 131385963 with hash 02746767e7fa0e08994d04a3d9a71131e8ac0725
✅ [killmail] Successfully processed killmail 131385963
✅ [killmail] Job killmail-{"killmailId"_131385963,"hash"_"02746767e7fa0e08994d04a3d9a71131e8ac0725"} completed
[killmail] Processing killmail 131385928...
[killmail] 131385853: Fetching prices for 23 types...
[killmail] 131385853: Storing killmail...
Database insert error: 78 |     x instanceof Parameter
79 |       ? x.value = options.transform.undefined
80 |       : value = x = options.transform.undefined
81 |
82 |     if (value === undefined)
83 |       throw Errors.generic('UNDEFINED_VALUE', 'Undefined values are not allowed')
                        ^
UNDEFINED_VALUE: Undefined values are not allowed
 code: "UNDEFINED_VALUE"

      at handleValue (/app/node_modules/postgres/src/types.js:83:20)

11/21/2025, 18:59:03 [ERROR] [Killmail] Error storing killmail:
  {
    "error": {
      "code": "UNDEFINED_VALUE"
    }
  }
❌ [killmail] Error processing killmail 131385853: 78 |     x instanceof Parameter
79 |       ? x.value = options.transform.undefined
80 |       : value = x = options.transform.undefined
81 |
82 |     if (value === undefined)
83 |       throw Errors.generic('UNDEFINED_VALUE', 'Undefined values are not allowed')
                        ^
UNDEFINED_VALUE: Undefined values are not allowed
 code: "UNDEFINED_VALUE"

      at handleValue (/app/node_modules/postgres/src/types.js:83:20)

❌ [killmail] Job killmail-{"killmailId"_131385853,"hash"_"fa4a5404349a86d47253c116acfd6503f813814e"} failed: UNDEFINED_VALUE: Undefined values are not allowed
[killmail] Processing killmail 131385942...
[killmail] 131385860: Extracted 1 characters, 1 corporations, 1 alliances, 14 types
[killmail] 131385860: Fetching entity data...
[killmail] 131385928: Extracted 2 characters, 2 corporations, 0 alliances, 18 types
[killmail] 131385928: Fetching entity data...
[killmail] 131385942: Extracted 4 characters, 3 corporations, 1 alliances, 9 types
[killmail] 131385942: Fetching entity data...
[killmail] 131385860: Fetching prices for 14 types...
[killmail] 131385860: Storing killmail...
11/21/2025, 18:59:04 [INFO] [Killmail] Stored killmail 131385860 with hash dc5cee16c1a64dde76b001e76e87859fb0b86c1a
✅ [killmail] Successfully processed killmail 131385860
✅ [killmail] Job killmail-{"killmailId"_131385860,"hash"_"dc5cee16c1a64dde76b001e76e87859fb0b86c1a"} completed
[killmail] Processing killmail 131385874...
[killmail] 131385928: Fetching prices for 18 types...
[killmail] 131385928: Storing killmail...
Database insert error: 78 |     x instanceof Parameter
79 |       ? x.value = options.transform.undefined
80 |       : value = x = options.transform.undefined
81 |
82 |     if (value === undefined)
83 |       throw Errors.generic('UNDEFINED_VALUE', 'Undefined values are not allowed')
                        ^
UNDEFINED_VALUE: Undefined values are not allowed
 code: "UNDEFINED_VALUE"

      at handleValue (/app/node_modules/postgres/src/types.js:83:20)

11/21/2025, 18:59:05 [ERROR] [Killmail] Error storing killmail:
  {
    "error": {
      "code": "UNDEFINED_VALUE"
    }
  }
❌ [killmail] Error processing killmail 131385928: 78 |     x instanceof Parameter
79 |       ? x.value = options.transform.undefined
80 |       : value = x = options.transform.undefined
81 |
82 |     if (value === undefined)
83 |       throw Errors.generic('UNDEFINED_VALUE', 'Undefined values are not allowed')
                        ^
UNDEFINED_VALUE: Undefined values are not allowed
 code: "UNDEFINED_VALUE"

      at handleValue (/app/node_modules/postgres/src/types.js:83:20)

❌ [killmail] Job killmail-{"killmailId"_131385928,"hash"_"7cecf0fc0ca1511356e46dd4ebbd806ccae15a75"} failed: UNDEFINED_VALUE: Undefined values are not allowed
[killmail] Processing killmail 131385961...
[killmail] 131385942: Fetching prices for 9 types...
[killmail] 131385942: Storing killmail...
Database insert error: 78 |     x instanceof Parameter
79 |       ? x.value = options.transform.undefined
80 |       : value = x = options.transform.undefined
81 |
82 |     if (value === undefined)
83 |       throw Errors.generic('UNDEFINED_VALUE', 'Undefined values are not allowed')
                        ^
UNDEFINED_VALUE: Undefined values are not allowed
 code: "UNDEFINED_VALUE"

      at handleValue (/app/node_modules/postgres/src/types.js:83:20)

11/21/2025, 18:59:07 [ERROR] [Killmail] Error storing killmail:
  {
    "error": {
      "code": "UNDEFINED_VALUE"
    }
  }
❌ [killmail] Error processing killmail 131385942: 78 |     x instanceof Parameter
79 |       ? x.value = options.transform.undefined
80 |       : value = x = options.transform.undefined
81 |
82 |     if (value === undefined)
83 |       throw Errors.generic('UNDEFINED_VALUE', 'Undefined values are not allowed')
                        ^
UNDEFINED_VALUE: Undefined values are not allowed
 code: "UNDEFINED_VALUE"

      at handleValue (/app/node_modules/postgres/src/types.js:83:20)

❌ [killmail] Job killmail-{"killmailId"_131385942,"hash"_"67a50ab2d90ccf9083ade9a8e4eb86309938721d"} failed: UNDEFINED_VALUE: Undefined values are not allowed
[killmail] Processing killmail 131385979...
[killmail] 131385874: Extracted 2 characters, 2 corporations, 2 alliances, 5 types
[killmail] 131385874: Fetching entity data...
[killmail] 131385961: Extracted 2 characters, 2 corporations, 1 alliances, 7 types
[killmail] 131385961: Fetching entity data...
[killmail] 131385979: Extracted 2 characters, 2 corporations, 0 alliances, 2 types
[killmail] 131385979: Fetching entity data...
[killmail] 131385874: Fetching prices for 5 types...
[killmail] 131385874: Storing killmail...
11/21/2025, 18:59:09 [INFO] [Killmail] Stored killmail 131385874 with hash 3782990c9c6f6282fe95a4136afa3eba52544044
✅ [killmail] Successfully processed killmail 131385874
✅ [killmail] Job killmail-{"killmailId"_131385874,"hash"_"3782990c9c6f6282fe95a4136afa3eba52544044"} completed
[killmail] Processing killmail 131385888...
[killmail] 131385961: Fetching prices for 7 types...
[killmail] 131385961: Storing killmail...
Database insert error: 78 |     x instanceof Parameter
79 |       ? x.value = options.transform.undefined
80 |       : value = x = options.transform.undefined
81 |
82 |     if (value === undefined)
83 |       throw Errors.generic('UNDEFINED_VALUE', 'Undefined values are not allowed')
                        ^
UNDEFINED_VALUE: Undefined values are not allowed
 code: "UNDEFINED_VALUE"

      at handleValue (/app/node_modules/postgres/src/types.js:83:20)

11/21/2025, 18:59:10 [ERROR] [Killmail] Error storing killmail:
  {
    "error": {
      "code": "UNDEFINED_VALUE"
    }
  }
❌ [killmail] Error processing killmail 131385961: 78 |     x instanceof Parameter
79 |       ? x.value = options.transform.undefined
80 |       : value = x = options.transform.undefined
81 |
82 |     if (value === undefined)
83 |       throw Errors.generic('UNDEFINED_VALUE', 'Undefined values are not allowed')
                        ^
UNDEFINED_VALUE: Undefined values are not allowed
 code: "UNDEFINED_VALUE"

      at handleValue (/app/node_modules/postgres/src/types.js:83:20)

❌ [killmail] Job killmail-{"killmailId"_131385961,"hash"_"6f9a3c48dcee07b6ce2322e644edbce3d734ef05"} failed: UNDEFINED_VALUE: Undefined values are not allowed
[killmail] Processing killmail 131385885...
[killmail] 131385979: Fetching prices for 2 types...
[killmail] 131385979: Storing killmail...
Database insert error: 78 |     x instanceof Parameter
79 |       ? x.value = options.transform.undefined
80 |       : value = x = options.transform.undefined
81 |
82 |     if (value === undefined)
83 |       throw Errors.generic('UNDEFINED_VALUE', 'Undefined values are not allowed')
                        ^
UNDEFINED_VALUE: Undefined values are not allowed
 code: "UNDEFINED_VALUE"

      at handleValue (/app/node_modules/postgres/src/types.js:83:20)

11/21/2025, 18:59:11 [ERROR] [Killmail] Error storing killmail:
  {
    "error": {
      "code": "UNDEFINED_VALUE"
    }
  }
❌ [killmail] Error processing killmail 131385979: 78 |     x instanceof Parameter
79 |       ? x.value = options.transform.undefined
80 |       : value = x = options.transform.undefined
81 |
82 |     if (value === undefined)
83 |       throw Errors.generic('UNDEFINED_VALUE', 'Undefined values are not allowed')
                        ^
UNDEFINED_VALUE: Undefined values are not allowed
 code: "UNDEFINED_VALUE"

      at handleValue (/app/node_modules/postgres/src/types.js:83:20)

❌ [killmail] Job killmail-{"killmailId"_131385979,"hash"_"b5c3dc8be3606937f95af192db00f714f303dcb1"} failed: UNDEFINED_VALUE: Undefined values are not allowed
[killmail] Processing killmail 131385849...
[killmail] 131385888: Extracted 2 characters, 3 corporations, 0 alliances, 9 types
[killmail] 131385888: Fetching entity data...
[killmail] 131385885: Extracted 5 characters, 4 corporations, 3 alliances, 5 types
[killmail] 131385885: Fetching entity data...
[killmail] 131385849: Extracted 2 characters, 2 corporations, 2 alliances, 77 types
[killmail] 131385849: Fetching entity data...
[killmail] 131385888: Fetching prices for 9 types...
[killmail] 131385888: Storing killmail...
Database insert error: 78 |     x instanceof Parameter
79 |       ? x.value = options.transform.undefined
80 |       : value = x = options.transform.undefined
81 |
82 |     if (value === undefined)
83 |       throw Errors.generic('UNDEFINED_VALUE', 'Undefined values are not allowed')
                        ^
UNDEFINED_VALUE: Undefined values are not allowed
 code: "UNDEFINED_VALUE"

      at handleValue (/app/node_modules/postgres/src/types.js:83:20)

11/21/2025, 18:59:12 [ERROR] [Killmail] Error storing killmail:
  {
    "error": {
      "code": "UNDEFINED_VALUE"
    }
  }
❌ [killmail] Error processing killmail 131385888: 78 |     x instanceof Parameter
79 |       ? x.value = options.transform.undefined
80 |       : value = x = options.transform.undefined
81 |
82 |     if (value === undefined)
83 |       throw Errors.generic('UNDEFINED_VALUE', 'Undefined values are not allowed')
                        ^
UNDEFINED_VALUE: Undefined values are not allowed
 code: "UNDEFINED_VALUE"

      at handleValue (/app/node_modules/postgres/src/types.js:83:20)

❌ [killmail] Job killmail-{"killmailId"_131385888,"hash"_"c42f276235877c9d4e59a609e4856b4a8110e84f"} failed: UNDEFINED_VALUE: Undefined values are not allowed
[killmail] Processing killmail 131385884...
[killmail] 131385885: Fetching prices for 5 types...
[killmail] 131385885: Storing killmail...
11/21/2025, 18:59:15 [INFO] [Killmail] Stored killmail 131385885 with hash 2b8d6a2707f8c0ce8d1cac4a1b8688bb858af47f
✅ [killmail] Successfully processed killmail 131385885
✅ [killmail] Job killmail-{"killmailId"_131385885,"hash"_"2b8d6a2707f8c0ce8d1cac4a1b8688bb858af47f"} completed
[killmail] Processing killmail 131385931...
[killmail] 131385849: Fetching prices for 77 types...
[killmail] 131385849: Storing killmail...
11/21/2025, 18:59:16 [INFO] [Killmail] Stored killmail 131385849 with hash 774fb69573b3256cb9f47ece1003a8fd4270905f
✅ [killmail] Successfully processed killmail 131385849
✅ [killmail] Job killmail-{"killmailId"_131385849,"hash"_"774fb69573b3256cb9f47ece1003a8fd4270905f"} completed
[killmail] Processing killmail 131385938...
[killmail] 131385884: Extracted 2 characters, 2 corporations, 2 alliances, 2 types
[killmail] 131385884: Fetching entity data...
[killmail] 131385931: Extracted 2 characters, 3 corporations, 1 alliances, 23 types
[killmail] 131385931: Fetching entity data...
[killmail] 131385938: Extracted 2 characters, 2 corporations, 1 alliances, 4 types
[killmail] 131385938: Fetching entity data...
[killmail] 131385884: Fetching prices for 2 types...
[killmail] 131385884: Storing killmail...
11/21/2025, 18:59:18 [INFO] [Killmail] Stored killmail 131385884 with hash d53de290dc2324b98eec8574cceed5ce60c52b8e
✅ [killmail] Successfully processed killmail 131385884
✅ [killmail] Job killmail-{"killmailId"_131385884,"hash"_"d53de290dc2324b98eec8574cceed5ce60c52b8e"} completed
[killmail] Processing killmail 131385960...
[killmail] 131385931: Fetching prices for 23 types...
[killmail] 131385931: Storing killmail...
11/21/2025, 18:59:19 [INFO] [Killmail] Stored killmail 131385931 with hash fd9b1515451893d3c923916b8e4cac987bb00f8d
✅ [killmail] Successfully processed killmail 131385931
✅ [killmail] Job killmail-{"killmailId"_131385931,"hash"_"fd9b1515451893d3c923916b8e4cac987bb00f8d"} completed
[killmail] Processing killmail 131385981...
[killmail] 131385938: Fetching prices for 4 types...
[killmail] 131385938: Storing killmail...
11/21/2025, 18:59:20 [INFO] [Killmail] Stored killmail 131385938 with hash 254858a3674fec7eb76ce58e5b9f69888420f8a2
✅ [killmail] Successfully processed killmail 131385938
✅ [killmail] Job killmail-{"killmailId"_131385938,"hash"_"254858a3674fec7eb76ce58e5b9f69888420f8a2"} completed
[killmail] Processing killmail 131385898...
[killmail] 131385960: Extracted 4 characters, 2 corporations, 2 alliances, 36 types
[killmail] 131385960: Fetching entity data...
[killmail] 131385981: Extracted 2 characters, 2 corporations, 2 alliances, 65 types
[killmail] 131385981: Fetching entity data...
[killmail] 131385898: Extracted 9 characters, 3 corporations, 3 alliances, 26 types
[killmail] 131385898: Fetching entity data...
[killmail] 131385960: Fetching prices for 36 types...
[killmail] 131385960: Storing killmail...
11/21/2025, 18:59:23 [INFO] [Killmail] Stored killmail 131385960 with hash 9436643266c0e25517a79ce39377a3698d0b57db
✅ [killmail] Successfully processed killmail 131385960
✅ [killmail] Job killmail-{"killmailId"_131385960,"hash"_"9436643266c0e25517a79ce39377a3698d0b57db"} completed
[killmail] Processing killmail 131385980...
[killmail] 131385981: Fetching prices for 65 types...
[killmail] 131385981: Storing killmail...
11/21/2025, 18:59:24 [INFO] [Killmail] Stored killmail 131385981 with hash e30f4a1cde9b3f929999645106cad51822adb645
✅ [killmail] Successfully processed killmail 131385981
✅ [killmail] Job killmail-{"killmailId"_131385981,"hash"_"e30f4a1cde9b3f929999645106cad51822adb645"} completed
[killmail] Processing killmail 131384345...
[killmail] 131385898: Fetching prices for 26 types...
[killmail] 131385898: Storing killmail...
11/21/2025, 18:59:27 [INFO] [Killmail] Stored killmail 131385898 with hash 75820421341702b280e55490e5b969b398baff64
✅ [killmail] Successfully processed killmail 131385898
✅ [killmail] Job killmail-{"killmailId"_131385898,"hash"_"75820421341702b280e55490e5b969b398baff64"} completed
[killmail] Processing killmail 131385949...
[killmail] 131385980: Extracted 2 characters, 2 corporations, 2 alliances, 6 types
[killmail] 131385980: Fetching entity data...
[killmail] 131384345: Extracted 96 characters, 45 corporations, 5 alliances, 55 types
[killmail] 131384345: Fetching entity data...
[killmail] 131385949: Extracted 3 characters, 3 corporations, 2 alliances, 9 types
[killmail] 131385949: Fetching entity data...
[killmail] 131385980: Fetching prices for 6 types...
[killmail] 131385980: Storing killmail...
11/21/2025, 18:59:29 [INFO] [Killmail] Stored killmail 131385980 with hash 2433d3b9d0d1668a88d298f924ef94bcd00b2625
✅ [killmail] Successfully processed killmail 131385980
✅ [killmail] Job killmail-{"killmailId"_131385980,"hash"_"2433d3b9d0d1668a88d298f924ef94bcd00b2625"} completed
[killmail] Processing killmail 131385891...

⏹️  Shutting down queue workers...
[killmail] 131384345: Fetching prices for 55 types...
[killmail] 131384345: Storing killmail...
Database insert error: 78 |     x instanceof Parameter
79 |       ? x.value = options.transform.undefined
80 |       : value = x = options.transform.undefined
81 |
82 |     if (value === undefined)
83 |       throw Errors.generic('UNDEFINED_VALUE', 'Undefined values are not allowed')
                        ^
UNDEFINED_VALUE: Undefined values are not allowed
 code: "UNDEFINED_VALUE"

      at handleValue (/app/node_modules/postgres/src/types.js:83:20)

11/21/2025, 19:00:02 [ERROR] [Killmail] Error storing killmail:
  {
    "error": {
      "code": "UNDEFINED_VALUE"
    }
  }
❌ [killmail] Error processing killmail 131384345: 78 |     x instanceof Parameter
79 |       ? x.value = options.transform.undefined
80 |       : value = x = options.transform.undefined
81 |
82 |     if (value === undefined)
83 |       throw Errors.generic('UNDEFINED_VALUE', 'Undefined values are not allowed')
                        ^
UNDEFINED_VALUE: Undefined values are not allowed
 code: "UNDEFINED_VALUE"

      at handleValue (/app/node_modules/postgres/src/types.js:83:20)

❌ [killmail] Job killmail-{"killmailId"_131384345,"hash"_"a7f515071afb3116af8e4b9271e9ab832bbedabd"} failed: UNDEFINED_VALUE: Undefined values are not allowed
[killmail] 131385949: Fetching prices for 9 types...
[killmail] 131385949: Storing killmail...
Database insert error: 78 |     x instanceof Parameter
79 |       ? x.value = options.transform.undefined
80 |       : value = x = options.transform.undefined
81 |
82 |     if (value === undefined)
83 |       throw Errors.generic('UNDEFINED_VALUE', 'Undefined values are not allowed')
                        ^
UNDEFINED_VALUE: Undefined values are not allowed
 code: "UNDEFINED_VALUE"

      at handleValue (/app/node_modules/postgres/src/types.js:83:20)

11/21/2025, 19:00:04 [ERROR] [Killmail] Error storing killmail:
  {
    "error": {
      "code": "UNDEFINED_VALUE"
    }
  }
❌ [killmail] Error processing killmail 131385949: 78 |     x instanceof Parameter
79 |       ? x.value = options.transform.undefined
80 |       : value = x = options.transform.undefined
81 |
82 |     if (value === undefined)
83 |       throw Errors.generic('UNDEFINED_VALUE', 'Undefined values are not allowed')
                        ^
UNDEFINED_VALUE: Undefined values are not allowed
 code: "UNDEFINED_VALUE"

      at handleValue (/app/node_modules/postgres/src/types.js:83:20)

❌ [killmail] Job killmail-{"killmailId"_131385949,"hash"_"9f9909b354409738f741ebdde6df317aa93ae496"} failed: UNDEFINED_VALUE: Undefined values are not allowed
[killmail] 131385891: Extracted 5 characters, 3 corporations, 1 alliances, 5 types
[killmail] 131385891: Fetching entity data...
[killmail] 131385891: Fetching prices for 5 types...
[killmail] 131385891: Storing killmail...
Database insert error: 78 |     x instanceof Parameter
79 |       ? x.value = options.transform.undefined
80 |       : value = x = options.transform.undefined
81 |
82 |     if (value === undefined)
83 |       throw Errors.generic('UNDEFINED_VALUE', 'Undefined values are not allowed')
                        ^
UNDEFINED_VALUE: Undefined values are not allowed
 code: "UNDEFINED_VALUE"

      at handleValue (/app/node_modules/postgres/src/types.js:83:20)

11/21/2025, 19:00:06 [ERROR] [Killmail] Error storing killmail:
  {
    "error": {
      "code": "UNDEFINED_VALUE"
    }
  }
❌ [killmail] Error processing killmail 131385891: 78 |     x instanceof Parameter
79 |       ? x.value = options.transform.undefined
80 |       : value = x = options.transform.undefined
81 |
82 |     if (value === undefined)
83 |       throw Errors.generic('UNDEFINED_VALUE', 'Undefined values are not allowed')
                        ^
UNDEFINED_VALUE: Undefined values are not allowed
 code: "UNDEFINED_VALUE"

      at handleValue (/app/node_modules/postgres/src/types.js:83:20)

❌ [killmail] Job killmail-{"killmailId"_131385891,"hash"_"426228d29a925b9f69e3e9faed5079e48a86e22e"} failed: UNDEFINED_VALUE: Undefined values are not allowed
✅ All workers shut down
