$ bun cli.ts sde:download
11/21/2025, 18:29:49 [INFO] Starting SDE sync and import...
📡 Fetching latest SDE build number...
✅ Latest build: 3110079
📥 Downloading SDE (3110079)...
   Size: 78.48 MB
✅ Downloaded: eve-online-static-data-3110079-jsonl.zip
📦 Extracting SDE zip...
✅ Extracted: eve-online-static-data-3110079-jsonl.zip
11/21/2025, 18:29:57 [✓] SDE sync completed!
11/21/2025, 18:29:57 [INFO] Metadata:
  {
    "buildNumber": 3110079,
    "variant": "jsonl",
    "downloadedAt": "2025-11-21T18:29:57.638Z",
    "extractedAt": "2025-11-21T18:29:57.638Z",
    "url": "https://developers.eveonline.com/static-data/tranquility/eve-online-static-data-3110079-jsonl.zip"
  }
11/21/2025, 18:29:57 [INFO] Available tables: 53 total
11/21/2025, 18:29:57 [DEBUG] _sde.jsonl: _sde.jsonl
11/21/2025, 18:29:57 [DEBUG] agent: agentTypes.jsonl
11/21/2025, 18:29:57 [DEBUG] agents: agentsInSpace.jsonl
11/21/2025, 18:29:57 [DEBUG] ancestries.jsonl: ancestries.jsonl
11/21/2025, 18:29:57 [DEBUG] bloodlines.jsonl: bloodlines.jsonl
11/21/2025, 18:29:57 [DEBUG] blueprints.jsonl: blueprints.jsonl
11/21/2025, 18:29:57 [DEBUG] categories.jsonl: categories.jsonl
11/21/2025, 18:29:57 [DEBUG] certificates.jsonl: certificates.jsonl
11/21/2025, 18:29:57 [DEBUG] character: characterAttributes.jsonl
11/21/2025, 18:29:57 [DEBUG] contraband: contrabandTypes.jsonl
11/21/2025, 18:29:57 [DEBUG] control: controlTowerResources.jsonl
11/21/2025, 18:29:57 [DEBUG] corporation: corporationActivities.jsonl
11/21/2025, 18:29:57 [DEBUG] dbuff: dbuffCollections.jsonl
11/21/2025, 18:29:57 [DEBUG] dogma: dogmaAttributeCategories.jsonl, dogmaAttributes.jsonl, dogmaEffects.jsonl, dogmaUnits.jsonl
11/21/2025, 18:29:57 [DEBUG] dynamic: dynamicItemAttributes.jsonl
11/21/2025, 18:29:57 [DEBUG] factions.jsonl: factions.jsonl
11/21/2025, 18:29:57 [DEBUG] freelance: freelanceJobSchemas.jsonl
11/21/2025, 18:29:57 [DEBUG] graphics.jsonl: graphics.jsonl
11/21/2025, 18:29:57 [DEBUG] groups.jsonl: groups.jsonl
11/21/2025, 18:29:57 [DEBUG] icons.jsonl: icons.jsonl
11/21/2025, 18:29:57 [DEBUG] landmarks.jsonl: landmarks.jsonl
11/21/2025, 18:29:57 [DEBUG] map: mapAsteroidBelts.jsonl, mapConstellations.jsonl, mapMoons.jsonl, mapPlanets.jsonl, mapRegions.jsonl, mapSolarSystems.jsonl, mapStargates.jsonl, mapStars.jsonl
11/21/2025, 18:29:57 [DEBUG] market: marketGroups.jsonl
11/21/2025, 18:29:57 [DEBUG] masteries.jsonl: masteries.jsonl
11/21/2025, 18:29:57 [DEBUG] meta: metaGroups.jsonl
11/21/2025, 18:29:57 [DEBUG] npc: npcCharacters.jsonl, npcCorporationDivisions.jsonl, npcCorporations.jsonl, npcStations.jsonl
11/21/2025, 18:29:57 [DEBUG] planet: planetResources.jsonl, planetSchematics.jsonl
11/21/2025, 18:29:57 [DEBUG] races.jsonl: races.jsonl
11/21/2025, 18:29:57 [DEBUG] skin: skinLicenses.jsonl, skinMaterials.jsonl
11/21/2025, 18:29:57 [DEBUG] skins.jsonl: skins.jsonl
11/21/2025, 18:29:57 [DEBUG] sovereignty: sovereigntyUpgrades.jsonl
11/21/2025, 18:29:57 [DEBUG] station: stationOperations.jsonl, stationServices.jsonl
11/21/2025, 18:29:57 [DEBUG] translation: translationLanguages.jsonl
11/21/2025, 18:29:57 [DEBUG] type: typeBonus.jsonl, typeDogma.jsonl, typeMaterials.jsonl
11/21/2025, 18:29:57 [DEBUG] types.jsonl: types.jsonl
11/21/2025, 18:29:57 [INFO] Importing tables...
📥 Importing mapSolarSystems...
   Inserted 1000 rows...
   Inserted 2000 rows...
   Inserted 3000 rows...
   Inserted 4000 rows...
   Inserted 5000 rows...
   Inserted 6000 rows...
   Inserted 7000 rows...
   Inserted 8000 rows...
✅ Imported 8437 solar systems
📥 Importing mapRegions...
✅ Imported 113 regions
📥 Importing mapConstellations...
   Inserted 1000 rows...
✅ Imported 1175 constellations
📥 Importing stargates...
   Inserted 1000 rows...
   Inserted 2000 rows...
   Inserted 3000 rows...
   Inserted 4000 rows...
   Inserted 5000 rows...
   Inserted 6000 rows...
   Inserted 7000 rows...
   Inserted 8000 rows...
   Inserted 9000 rows...
   Inserted 10000 rows...
   Inserted 11000 rows...
   Inserted 12000 rows...
   Inserted 13000 rows...
✅ Imported 13776 stargates
📥 Importing stars...
   Inserted 1000 rows...
   Inserted 2000 rows...
   Inserted 3000 rows...
   Inserted 4000 rows...
   Inserted 5000 rows...
   Inserted 6000 rows...
   Inserted 7000 rows...
   Inserted 8000 rows...
✅ Imported 8036 stars
📥 Importing planets...
   Inserted 1000 rows...
   Inserted 2000 rows...
   Inserted 3000 rows...
   Inserted 4000 rows...
   Inserted 5000 rows...
   Inserted 6000 rows...
   Inserted 7000 rows...
   Inserted 8000 rows...
   Inserted 9000 rows...
   Inserted 10000 rows...
   Inserted 11000 rows...
   Inserted 12000 rows...
   Inserted 13000 rows...
   Inserted 14000 rows...
   Inserted 15000 rows...
   Inserted 16000 rows...
   Inserted 17000 rows...
   Inserted 18000 rows...
   Inserted 19000 rows...
   Inserted 20000 rows...
   Inserted 21000 rows...
   Inserted 22000 rows...
   Inserted 23000 rows...
   Inserted 24000 rows...
   Inserted 25000 rows...
   Inserted 26000 rows...
   Inserted 27000 rows...
   Inserted 28000 rows...
   Inserted 29000 rows...
   Inserted 30000 rows...
   Inserted 31000 rows...
   Inserted 32000 rows...
   Inserted 33000 rows...
   Inserted 34000 rows...
   Inserted 35000 rows...
   Inserted 36000 rows...
   Inserted 37000 rows...
   Inserted 38000 rows...
   Inserted 39000 rows...
   Inserted 40000 rows...
   Inserted 41000 rows...
   Inserted 42000 rows...
   Inserted 43000 rows...
   Inserted 44000 rows...
   Inserted 45000 rows...
   Inserted 46000 rows...
   Inserted 47000 rows...
   Inserted 48000 rows...
   Inserted 49000 rows...
   Inserted 50000 rows...
   Inserted 51000 rows...
   Inserted 52000 rows...
   Inserted 53000 rows...
   Inserted 54000 rows...
   Inserted 55000 rows...
   Inserted 56000 rows...
   Inserted 57000 rows...
   Inserted 58000 rows...
   Inserted 59000 rows...
   Inserted 60000 rows...
   Inserted 61000 rows...
   Inserted 62000 rows...
   Inserted 63000 rows...
   Inserted 64000 rows...
   Inserted 65000 rows...
   Inserted 66000 rows...
   Inserted 67000 rows...
✅ Imported 67961 planets
📥 Importing moons...
   Inserted 1000 rows...
   Inserted 2000 rows...
   Inserted 3000 rows...
   Inserted 4000 rows...
   Inserted 5000 rows...
   Inserted 6000 rows...
   Inserted 7000 rows...
   Inserted 8000 rows...
   Inserted 9000 rows...
   Inserted 10000 rows...
   Inserted 11000 rows...
   Inserted 12000 rows...
   Inserted 13000 rows...
   Inserted 14000 rows...
   Inserted 15000 rows...
   Inserted 16000 rows...
   Inserted 17000 rows...
   Inserted 18000 rows...
   Inserted 19000 rows...
   Inserted 20000 rows...
   Inserted 21000 rows...
   Inserted 22000 rows...
   Inserted 23000 rows...
   Inserted 24000 rows...
   Inserted 25000 rows...
   Inserted 26000 rows...
   Inserted 27000 rows...
   Inserted 28000 rows...
   Inserted 29000 rows...
   Inserted 30000 rows...
   Inserted 31000 rows...
   Inserted 32000 rows...
   Inserted 33000 rows...
   Inserted 34000 rows...
   Inserted 35000 rows...
   Inserted 36000 rows...
   Inserted 37000 rows...
   Inserted 38000 rows...
   Inserted 39000 rows...
   Inserted 40000 rows...
   Inserted 41000 rows...
   Inserted 42000 rows...
   Inserted 43000 rows...
   Inserted 44000 rows...
   Inserted 45000 rows...
   Inserted 46000 rows...
   Inserted 47000 rows...
   Inserted 48000 rows...
   Inserted 49000 rows...
   Inserted 50000 rows...
   Inserted 51000 rows...
   Inserted 52000 rows...
   Inserted 53000 rows...
   Inserted 54000 rows...
   Inserted 55000 rows...
   Inserted 56000 rows...
   Inserted 57000 rows...
   Inserted 58000 rows...
   Inserted 59000 rows...
   Inserted 60000 rows...
   Inserted 61000 rows...
   Inserted 62000 rows...
   Inserted 63000 rows...
   Inserted 64000 rows...
   Inserted 65000 rows...
   Inserted 66000 rows...
   Inserted 67000 rows...
   Inserted 68000 rows...
   Inserted 69000 rows...
   Inserted 70000 rows...
   Inserted 71000 rows...
   Inserted 72000 rows...
   Inserted 73000 rows...
   Inserted 74000 rows...
   Inserted 75000 rows...
   Inserted 76000 rows...
   Inserted 77000 rows...
   Inserted 78000 rows...
   Inserted 79000 rows...
   Inserted 80000 rows...
   Inserted 81000 rows...
   Inserted 82000 rows...
   Inserted 83000 rows...
   Inserted 84000 rows...
   Inserted 85000 rows...
   Inserted 86000 rows...
   Inserted 87000 rows...
   Inserted 88000 rows...
   Inserted 89000 rows...
   Inserted 90000 rows...
   Inserted 91000 rows...
   Inserted 92000 rows...
   Inserted 93000 rows...
   Inserted 94000 rows...
   Inserted 95000 rows...
   Inserted 96000 rows...
   Inserted 97000 rows...
   Inserted 98000 rows...
   Inserted 99000 rows...
   Inserted 100000 rows...
   Inserted 101000 rows...
   Inserted 102000 rows...
   Inserted 103000 rows...
   Inserted 104000 rows...
   Inserted 105000 rows...
   Inserted 106000 rows...
   Inserted 107000 rows...
   Inserted 108000 rows...
   Inserted 109000 rows...
   Inserted 110000 rows...
   Inserted 111000 rows...
   Inserted 112000 rows...
   Inserted 113000 rows...
   Inserted 114000 rows...
   Inserted 115000 rows...
   Inserted 116000 rows...
   Inserted 117000 rows...
   Inserted 118000 rows...
   Inserted 119000 rows...
   Inserted 120000 rows...
   Inserted 121000 rows...
   Inserted 122000 rows...
   Inserted 123000 rows...
   Inserted 124000 rows...
   Inserted 125000 rows...
   Inserted 126000 rows...
   Inserted 127000 rows...
   Inserted 128000 rows...
   Inserted 129000 rows...
   Inserted 130000 rows...
   Inserted 131000 rows...
   Inserted 132000 rows...
   Inserted 133000 rows...
   Inserted 134000 rows...
   Inserted 135000 rows...
   Inserted 136000 rows...
   Inserted 137000 rows...
   Inserted 138000 rows...
   Inserted 139000 rows...
   Inserted 140000 rows...
   Inserted 141000 rows...
   Inserted 142000 rows...
   Inserted 143000 rows...
   Inserted 144000 rows...
   Inserted 145000 rows...
   Inserted 146000 rows...
   Inserted 147000 rows...
   Inserted 148000 rows...
   Inserted 149000 rows...
   Inserted 150000 rows...
   Inserted 151000 rows...
   Inserted 152000 rows...
   Inserted 153000 rows...
   Inserted 154000 rows...
   Inserted 155000 rows...
   Inserted 156000 rows...
   Inserted 157000 rows...
   Inserted 158000 rows...
   Inserted 159000 rows...
   Inserted 160000 rows...
   Inserted 161000 rows...
   Inserted 162000 rows...
   Inserted 163000 rows...
   Inserted 164000 rows...
   Inserted 165000 rows...
   Inserted 166000 rows...
   Inserted 167000 rows...
   Inserted 168000 rows...
   Inserted 169000 rows...
   Inserted 170000 rows...
   Inserted 171000 rows...
   Inserted 172000 rows...
   Inserted 173000 rows...
   Inserted 174000 rows...
   Inserted 175000 rows...
   Inserted 176000 rows...
   Inserted 177000 rows...
   Inserted 178000 rows...
   Inserted 179000 rows...
   Inserted 180000 rows...
   Inserted 181000 rows...
   Inserted 182000 rows...
   Inserted 183000 rows...
   Inserted 184000 rows...
   Inserted 185000 rows...
   Inserted 186000 rows...
   Inserted 187000 rows...
   Inserted 188000 rows...
   Inserted 189000 rows...
   Inserted 190000 rows...
   Inserted 191000 rows...
   Inserted 192000 rows...
   Inserted 193000 rows...
   Inserted 194000 rows...
   Inserted 195000 rows...
   Inserted 196000 rows...
   Inserted 197000 rows...
   Inserted 198000 rows...
   Inserted 199000 rows...
   Inserted 200000 rows...
   Inserted 201000 rows...
   Inserted 202000 rows...
   Inserted 203000 rows...
   Inserted 204000 rows...
   Inserted 205000 rows...
   Inserted 206000 rows...
   Inserted 207000 rows...
   Inserted 208000 rows...
   Inserted 209000 rows...
   Inserted 210000 rows...
   Inserted 211000 rows...
   Inserted 212000 rows...
   Inserted 213000 rows...
   Inserted 214000 rows...
   Inserted 215000 rows...
   Inserted 216000 rows...
   Inserted 217000 rows...
   Inserted 218000 rows...
   Inserted 219000 rows...
   Inserted 220000 rows...
   Inserted 221000 rows...
   Inserted 222000 rows...
   Inserted 223000 rows...
   Inserted 224000 rows...
   Inserted 225000 rows...
   Inserted 226000 rows...
   Inserted 227000 rows...
   Inserted 228000 rows...
   Inserted 229000 rows...
   Inserted 230000 rows...
   Inserted 231000 rows...
   Inserted 232000 rows...
   Inserted 233000 rows...
   Inserted 234000 rows...
   Inserted 235000 rows...
   Inserted 236000 rows...
   Inserted 237000 rows...
   Inserted 238000 rows...
   Inserted 239000 rows...
   Inserted 240000 rows...
   Inserted 241000 rows...
   Inserted 242000 rows...
   Inserted 243000 rows...
   Inserted 244000 rows...
   Inserted 245000 rows...
   Inserted 246000 rows...
   Inserted 247000 rows...
   Inserted 248000 rows...
   Inserted 249000 rows...
   Inserted 250000 rows...
   Inserted 251000 rows...
   Inserted 252000 rows...
   Inserted 253000 rows...
   Inserted 254000 rows...
   Inserted 255000 rows...
   Inserted 256000 rows...
   Inserted 257000 rows...
   Inserted 258000 rows...
   Inserted 259000 rows...
   Inserted 260000 rows...
   Inserted 261000 rows...
   Inserted 262000 rows...
   Inserted 263000 rows...
   Inserted 264000 rows...
   Inserted 265000 rows...
   Inserted 266000 rows...
   Inserted 267000 rows...
   Inserted 268000 rows...
   Inserted 269000 rows...
   Inserted 270000 rows...
   Inserted 271000 rows...
   Inserted 272000 rows...
   Inserted 273000 rows...
   Inserted 274000 rows...
   Inserted 275000 rows...
   Inserted 276000 rows...
   Inserted 277000 rows...
   Inserted 278000 rows...
   Inserted 279000 rows...
   Inserted 280000 rows...
   Inserted 281000 rows...
   Inserted 282000 rows...
   Inserted 283000 rows...
   Inserted 284000 rows...
   Inserted 285000 rows...
   Inserted 286000 rows...
   Inserted 287000 rows...
   Inserted 288000 rows...
   Inserted 289000 rows...
   Inserted 290000 rows...
   Inserted 291000 rows...
   Inserted 292000 rows...
   Inserted 293000 rows...
   Inserted 294000 rows...
   Inserted 295000 rows...
   Inserted 296000 rows...
   Inserted 297000 rows...
   Inserted 298000 rows...
   Inserted 299000 rows...
   Inserted 300000 rows...
   Inserted 301000 rows...
   Inserted 302000 rows...
   Inserted 303000 rows...
   Inserted 304000 rows...
   Inserted 305000 rows...
   Inserted 306000 rows...
   Inserted 307000 rows...
   Inserted 308000 rows...
   Inserted 309000 rows...
   Inserted 310000 rows...
   Inserted 311000 rows...
   Inserted 312000 rows...
   Inserted 313000 rows...
   Inserted 314000 rows...
   Inserted 315000 rows...
   Inserted 316000 rows...
   Inserted 317000 rows...
   Inserted 318000 rows...
   Inserted 319000 rows...
   Inserted 320000 rows...
   Inserted 321000 rows...
   Inserted 322000 rows...
   Inserted 323000 rows...
   Inserted 324000 rows...
   Inserted 325000 rows...
   Inserted 326000 rows...
   Inserted 327000 rows...
   Inserted 328000 rows...
   Inserted 329000 rows...
   Inserted 330000 rows...
   Inserted 331000 rows...
   Inserted 332000 rows...
   Inserted 333000 rows...
   Inserted 334000 rows...
   Inserted 335000 rows...
   Inserted 336000 rows...
   Inserted 337000 rows...
   Inserted 338000 rows...
   Inserted 339000 rows...
   Inserted 340000 rows...
   Inserted 341000 rows...
   Inserted 342000 rows...
✅ Imported 342170 moons
📥 Importing asteroidBelts...
   Inserted 1000 rows...
   Inserted 2000 rows...
   Inserted 3000 rows...
   Inserted 4000 rows...
   Inserted 5000 rows...
   Inserted 6000 rows...
   Inserted 7000 rows...
   Inserted 8000 rows...
   Inserted 9000 rows...
   Inserted 10000 rows...
   Inserted 11000 rows...
   Inserted 12000 rows...
   Inserted 13000 rows...
   Inserted 14000 rows...
   Inserted 15000 rows...
   Inserted 16000 rows...
   Inserted 17000 rows...
   Inserted 18000 rows...
   Inserted 19000 rows...
   Inserted 20000 rows...
   Inserted 21000 rows...
   Inserted 22000 rows...
   Inserted 23000 rows...
   Inserted 24000 rows...
   Inserted 25000 rows...
   Inserted 26000 rows...
   Inserted 27000 rows...
   Inserted 28000 rows...
   Inserted 29000 rows...
   Inserted 30000 rows...
   Inserted 31000 rows...
   Inserted 32000 rows...
   Inserted 33000 rows...
   Inserted 34000 rows...
   Inserted 35000 rows...
   Inserted 36000 rows...
   Inserted 37000 rows...
   Inserted 38000 rows...
   Inserted 39000 rows...
   Inserted 40000 rows...
✅ Imported 40928 asteroidBelts
📥 Importing types...
   Inserted 1000 rows...
   Inserted 2000 rows...
   Inserted 3000 rows...
   Inserted 4000 rows...
   Inserted 5000 rows...
   Inserted 6000 rows...
   Inserted 7000 rows...
   Inserted 8000 rows...
   Inserted 9000 rows...
   Inserted 10000 rows...
   Inserted 11000 rows...
   Inserted 12000 rows...
   Inserted 13000 rows...
   Inserted 14000 rows...
   Inserted 15000 rows...
   Inserted 16000 rows...
   Inserted 17000 rows...
   Inserted 18000 rows...
   Inserted 19000 rows...
   Inserted 20000 rows...
   Inserted 21000 rows...
   Inserted 22000 rows...
   Inserted 23000 rows...
   Inserted 24000 rows...
   Inserted 25000 rows...
   Inserted 26000 rows...
   Inserted 27000 rows...
   Inserted 28000 rows...
   Inserted 29000 rows...
   Inserted 30000 rows...
   Inserted 31000 rows...
   Inserted 32000 rows...
   Inserted 33000 rows...
   Inserted 34000 rows...
   Inserted 35000 rows...
   Inserted 36000 rows...
   Inserted 37000 rows...
   Inserted 38000 rows...
   Inserted 39000 rows...
   Inserted 40000 rows...
   Inserted 41000 rows...
   Inserted 42000 rows...
   Inserted 43000 rows...
   Inserted 44000 rows...
   Inserted 45000 rows...
   Inserted 46000 rows...
   Inserted 47000 rows...
   Inserted 48000 rows...
   Inserted 49000 rows...
   Inserted 50000 rows...
✅ Imported 50864 types
📥 Importing groups...
   Inserted 1000 rows...
✅ Imported 1576 groups
📥 Importing categories...
✅ Imported 48 categories
📥 Importing npcCorporations...
✅ Imported 283 npcCorporations
📥 Importing npcStations...
   Inserted 1000 rows...
   Inserted 2000 rows...
   Inserted 3000 rows...
   Inserted 4000 rows...
   Inserted 5000 rows...
✅ Imported 5154 npcStations
📥 Importing stationOperations...
✅ Imported 66 stationOperations
📥 Importing npcCharacters...
   Inserted 1000 rows...
   Inserted 2000 rows...
   Inserted 3000 rows...
   Inserted 4000 rows...
   Inserted 5000 rows...
   Inserted 6000 rows...
   Inserted 7000 rows...
   Inserted 8000 rows...
   Inserted 9000 rows...
   Inserted 10000 rows...
   Inserted 11000 rows...
✅ Imported 11303 npcCharacters
📥 Importing factions...
✅ Imported 27 factions
📥 Importing races...
✅ Imported 11 races
📥 Importing bloodlines...
✅ Imported 18 bloodlines
📥 Importing ancestries...
✅ Imported 43 ancestries
📥 Importing marketGroups...
   Inserted 1000 rows...
   Inserted 2000 rows...
✅ Imported 2083 marketGroups
📥 Importing metaGroups...
✅ Imported 13 metaGroups
📥 Importing skins...
   Inserted 1000 rows...
   Inserted 2000 rows...
   Inserted 3000 rows...
   Inserted 4000 rows...
   Inserted 5000 rows...
   Inserted 6000 rows...
✅ Imported 6711 skins
📥 Importing dogmaAttributes...
   Inserted 1000 rows...
   Inserted 2000 rows...
✅ Imported 2812 dogmaAttributes
📥 Importing dogmaEffects...
   Inserted 1000 rows...
   Inserted 2000 rows...
   Inserted 3000 rows...
✅ Imported 3335 dogmaEffects
🔧 Optimizing tables...
   ✓ Optimized 24 SDE tables
🧹 Cleaning up old SDE downloads...
11/21/2025, 18:30:29 [✓] All done!
