$ bun cli.ts redisq
🚀 Starting RedisQ killmail importer
📡 Listening to URL: https://zkillredisq.stream/listen.php?queueID=jules_test_agent
Press Ctrl+C to stop
11/21/2025, 18:53:51 [✓] Enqueued killmail 131385621 for processing
11/21/2025, 18:53:52 [✓] Enqueued killmail 131385626 for processing
11/21/2025, 18:53:53 [✓] Enqueued killmail 131385802 for processing
11/21/2025, 18:53:54 [✓] Enqueued killmail 131385803 for processing
11/21/2025, 18:53:54 [✓] Enqueued killmail 131385618 for processing
11/21/2025, 18:53:55 [✓] Enqueued killmail 131385891 for processing
11/21/2025, 18:53:56 [✓] Enqueued killmail 131385911 for processing
11/21/2025, 18:53:57 [✓] Enqueued killmail 131385930 for processing
11/21/2025, 18:53:58 [✓] Enqueued killmail 131385895 for processing
11/21/2025, 18:54:00 [✓] Enqueued killmail 131385876 for processing
11/21/2025, 18:54:01 [✓] Enqueued killmail 131385878 for processing
11/21/2025, 18:54:02 [✓] Enqueued killmail 131385872 for processing
11/21/2025, 18:54:03 [✓] Enqueued killmail 131385862 for processing
11/21/2025, 18:54:04 [✓] Enqueued killmail 131385715 for processing
11/21/2025, 18:54:06 [✓] Enqueued killmail 131385916 for processing
11/21/2025, 18:54:07 [✓] Enqueued killmail 131385881 for processing
11/21/2025, 18:54:09 [✓] Enqueued killmail 131385908 for processing
11/21/2025, 18:54:10 [✓] Enqueued killmail 131385937 for processing
11/21/2025, 18:54:11 [✓] Enqueued killmail 131385921 for processing
11/21/2025, 18:54:12 [✓] Enqueued killmail 131384345 for processing
11/21/2025, 18:54:14 [✓] Enqueued killmail 131385949 for processing
11/21/2025, 18:54:15 [✓] Enqueued killmail 131385914 for processing
11/21/2025, 18:54:16 [✓] Enqueued killmail 131385873 for processing
11/21/2025, 18:54:18 [✓] Enqueued killmail 131385671 for processing

11/21/2025, 18:54:19 [WARN] Shutting down RedisQ importer...

11/21/2025, 18:54:19 [INFO] Final Stats:
  {
    "received": 24,
    "new": 24,
    "duplicate": 0,
    "processed": 24,
    "errors": 0
  }
